#                                                                               --- full sequence --- -------------- this domain -------------   hmm coord   ali coord   env coord
# target name           accession   tlen query name           accession   qlen   E-value  score  bias   #  of  c-Evalue  i-Evalue  score  bias  from    to  from    to  from    to  acc description of target
#   ------------------- ---------- ----- -------------------- ---------- ----- --------- ------ ----- --- --- --------- --------- ------ ----- ----- ----- ----- ----- ----- ----- ---- ---------------------
contig_23:207189-208349 -            387 12487at4891          -            308  2.5e-165  546.1   0.4   1   1  1.8e-167  9.6e-165  544.2   0.4     1   308     2   363     2   363 0.90 -
contig_10:154367-161005 -           2213 12487at4891          -            308  1.3e-103  343.4   0.0   1   2   5.7e-42     3e-39  132.0   0.0     4   130    24   164    22   194 0.89 -
contig_10:154367-161005 -           2213 12487at4891          -            308  1.3e-103  343.4   0.0   2   2   2.4e-65   1.3e-62  208.8   0.0   144   307   229   404   219   405 0.91 -
contig_2:220866-222428  -            521 12487at4891          -            308   2.6e-09   33.7   0.0   1   2   1.5e-11   8.1e-09   32.1   0.0   139   296     5   179     2   189 0.73 -
contig_2:220866-222428  -            521 12487at4891          -            308   2.6e-09   33.7   0.0   2   2      0.52   2.8e+02   -2.5   0.0   172   208   237   273   221   290 0.73 -
contig_39:43880-45298   -            473 12487at4891          -            308   5.2e-07   26.2   0.1   1   1   2.6e-09   1.4e-06   24.7   0.1   154   292    15   173     2   181 0.66 -
contig_21:688498-690813 -            772 12487at4891          -            308   9.2e-07   25.3   0.2   1   1   4.4e-09   2.3e-06   24.0   0.2   198   294    87   198    48   211 0.64 -
#
# Program:         hmmsearch
# Version:         3.1b2 (February 2015)
# Pipeline mode:   SEARCH
# Query file:      /home/inf-52-2022/De_novo_assembly/06_Busco/busco_downloads/lineages/saccharomycetes_odb10/hmms/12487at4891.hmm
# Target file:     /home/inf-52-2022/De_novo_assembly/06_Busco/output/flye.assembly.fasta/run_saccharomycetes_odb10/metaeuk_output/initial_results/flye.assembly.fasta.modified.fas
# Option settings: hmmsearch --domtblout /home/inf-52-2022/De_novo_assembly/06_Busco/output/flye.assembly.fasta/run_saccharomycetes_odb10/hmmer_output/initial_run_results/12487at4891.out --cpu 1 /home/inf-52-2022/De_novo_assembly/06_Busco/busco_downloads/lineages/saccharomycetes_odb10/hmms/12487at4891.hmm /home/inf-52-2022/De_novo_assembly/06_Busco/output/flye.assembly.fasta/run_saccharomycetes_odb10/metaeuk_output/initial_results/flye.assembly.fasta.modified.fas 
# Current dir:     /home/inf-52-2022/De_novo_assembly/06_Busco
# Date:            Fri Feb 24 09:20:54 2023
# [ok]
