#                                                                                 --- full sequence --- -------------- this domain -------------   hmm coord   ali coord   env coord
# target name             accession   tlen query name           accession   qlen   E-value  score  bias   #  of  c-Evalue  i-Evalue  score  bias  from    to  from    to  from    to  acc description of target
#     ------------------- ---------- ----- -------------------- ---------- ----- --------- ------ ----- --- --- --------- --------- ------ ----- ----- ----- ----- ----- ----- ----- ---- ---------------------
contig_5:889691-891001    -            437 12560at4891          -            365  4.2e-212  701.0   4.8   1   2   1.1e-29   1.1e-27   94.2   2.3     1    63     5    73     5    86 0.91 -
contig_5:889691-891001    -            437 12560at4891          -            365  4.2e-212  701.0   4.8   2   2  1.2e-185  1.2e-183  607.4   0.0    61   365   109   437    99   437 0.96 -
contig_12:332552-387050   -            540 12560at4891          -            365  3.3e-115  382.2   0.0   1   2   5.4e-76   5.3e-74  246.6   0.0    84   298     1   243     1   248 0.85 -
contig_12:332552-387050   -            540 12560at4891          -            365  3.3e-115  382.2   0.0   2   2   2.1e-40   2.1e-38  129.5   0.0    61   296   264   518   259   532 0.80 -
contig_16:1266781-1269285 -            835 12560at4891          -            365  7.4e-104  344.9   0.1   1   2   1.3e-50   1.3e-48  163.1   0.0    80   297   209   435   204   442 0.92 -
contig_16:1266781-1269285 -            835 12560at4891          -            365  7.4e-104  344.9   0.1   2   2   1.3e-55   1.3e-53  179.5   0.0    76   355   478   774   468   782 0.83 -
scaffold_37:873945-876275 -            777 12560at4891          -            365   5.2e-91  302.6   0.0   1   2   1.3e-44   1.3e-42  143.3   0.0    83   297   243   471   237   484 0.90 -
scaffold_37:873945-876275 -            777 12560at4891          -            365   5.2e-91  302.6   0.0   2   2   8.6e-49   8.6e-47  157.1   0.0    67   295   498   736   479   753 0.89 -
scaffold_37:56135-58618   -            828 12560at4891          -            365   5.5e-89  295.9   0.2   1   2   1.1e-43   1.1e-41  140.3   0.0    78   330   198   460   155   476 0.81 -
scaffold_37:56135-58618   -            828 12560at4891          -            365   5.5e-89  295.9   0.2   2   2   1.3e-47   1.3e-45  153.2   0.0    78   357   526   815   515   821 0.84 -
contig_5:426106-427080    -            325 12560at4891          -            365   1.1e-82  275.2   0.0   1   1   1.4e-84   1.4e-82  274.8   0.0    70   304    28   281     9   310 0.85 -
contig_21:20425-23277     -            951 12560at4891          -            365   5.3e-58  194.0   0.0   1   2     0.034       3.4    3.8   0.0   177   264   462   553   440   565 0.78 -
contig_21:20425-23277     -            951 12560at4891          -            365   5.3e-58  194.0   0.0   2   2   4.1e-58     4e-56  187.8   0.0    56   355   623   938   616   943 0.86 -
scaffold_25:62769-66899   -           1377 12560at4891          -            365     1e-51  173.3   0.0   1   2   4.5e-49   4.5e-47  158.0   0.0    68   295   395   638   374   649 0.84 -
scaffold_25:62769-66899   -           1377 12560at4891          -            365     1e-51  173.3   0.0   2   2   6.7e-05    0.0066   12.7   0.0   121   190   772   842   759   849 0.78 -
scaffold_25:557125-558210 -            362 12560at4891          -            365   1.6e-46  156.2   0.0   1   1   2.1e-48   2.1e-46  155.9   0.0    67   296    73   311    40   354 0.86 -
contig_16:262402-263685   -            428 12560at4891          -            365     7e-46  154.1   0.0   1   1   1.4e-47   1.4e-45  153.1   0.0    76   298   163   398   127   407 0.87 -
contig_23:277555-278865   -            437 12560at4891          -            365   1.4e-45  153.1   0.0   1   1   2.4e-47   2.4e-45  152.4   0.0    78   296   174   404   164   423 0.88 -
contig_16:1066064-1067380 -            439 12560at4891          -            365   1.4e-44  149.8   0.0   1   1   2.1e-46     2e-44  149.3   0.0    76   308   175   422   161   429 0.83 -
contig_39:181381-182781   -            467 12560at4891          -            365   2.4e-44  149.0   0.0   1   1   3.5e-46   3.5e-44  148.5   0.0    73   269   197   398   190   449 0.84 -
contig_23:539417-540724   -            436 12560at4891          -            365   5.3e-44  147.9   1.0   1   2         5     5e+02   -3.3   0.2    44    88    23    65    19    81 0.63 -
contig_23:539417-540724   -            436 12560at4891          -            365   5.3e-44  147.9   1.0   2   2   6.2e-46   6.1e-44  147.7   0.0    75   303   173   413   159   421 0.87 -
scaffold_25:689198-690409 -            404 12560at4891          -            365   6.3e-44  147.7   0.0   1   1   9.4e-46   9.4e-44  147.1   0.0    71   297   133   371    98   391 0.84 -
contig_5:619574-621814    -            747 12560at4891          -            365   1.1e-39  133.7   0.0   1   1   1.7e-41   1.7e-39  133.1   0.0    72   297   268   501   248   522 0.83 -
contig_39:77908-81021     -           1038 12560at4891          -            365   1.2e-39  133.6   0.0   1   3      0.01         1    5.5   0.0   118   201   449   537   439   642 0.82 -
contig_39:77908-81021     -           1038 12560at4891          -            365   1.2e-39  133.6   0.0   2   3   6.6e-39   6.6e-37  124.6   0.0    69   267   676   876   661   977 0.87 -
contig_39:77908-81021     -           1038 12560at4891          -            365   1.2e-39  133.6   0.0   3   3         2     2e+02   -2.0   0.0   333   355   982  1004   957  1006 0.86 -
contig_12:386073-387632   -            520 12560at4891          -            365   6.4e-38  127.9   0.0   1   1   1.1e-39   1.1e-37  127.2   0.0    81   296    70   304    57   319 0.79 -
contig_38:413613-415883   -            757 12560at4891          -            365   3.7e-28   95.8   0.1   1   2   2.7e-26   2.6e-24   83.1   0.0    80   355   232   520   215   526 0.73 -
contig_38:413613-415883   -            757 12560at4891          -            365   3.7e-28   95.8   0.1   2   2   0.00031     0.031   10.5   0.0   117   190   556   630   544   654 0.87 -
contig_38:214351-214893   -            181 12560at4891          -            365   2.7e-11   40.3   0.3   1   1   4.6e-12   4.6e-10   36.2   0.3   121   265     8   180     3   181 0.73 -
contig_16:298818-300176   -            453 12560at4891          -            365   2.4e-08   30.6   0.0   1   1   3.7e-10   3.7e-08   30.0   0.0   119   260   265   402   235   440 0.73 -
contig_16:551124-553556   -            811 12560at4891          -            365   3.2e-07   26.9   0.0   1   2   0.00014     0.014   11.7   0.0   156   208   186   240   132   251 0.78 -
contig_16:551124-553556   -            811 12560at4891          -            365   3.2e-07   26.9   0.0   2   2   7.9e-05    0.0079   12.4   0.0    85   140   504   556   462   615 0.85 -
contig_2:505749-507950    -            734 12560at4891          -            365   2.3e-05   20.8   0.0   1   1   4.9e-07   4.9e-05   19.7   0.0   114   188   165   238   157   243 0.90 -
contig_23:339381-341963   -            861 12560at4891          -            365    0.0017   14.6   0.0   1   1   3.6e-05    0.0036   13.6   0.0   121   194   349   435   331   457 0.67 -
contig_16:683375-684763   -            463 12560at4891          -            365    0.0082   12.4   0.1   1   2   0.00054     0.053    9.7   0.0   110   169    64   125    57   157 0.80 -
contig_16:683375-684763   -            463 12560at4891          -            365    0.0082   12.4   0.1   2   2      0.56        56   -0.2   0.0   157   189   283   316   276   319 0.72 -
contig_16:158706-159257   -            184 12560at4891          -            365     0.012   11.9   0.0   1   1   0.00017     0.017   11.4   0.0   121   152     5    37     2    67 0.85 -
contig_21:87099-88100     -            334 12560at4891          -            365     0.015   11.5   0.0   1   1   0.00028     0.028   10.6   0.0   120   192    48   125    33   140 0.66 -
#
# Program:         hmmsearch
# Version:         3.1b2 (February 2015)
# Pipeline mode:   SEARCH
# Query file:      /home/inf-52-2022/De_novo_assembly/06_Busco/busco_downloads/lineages/saccharomycetes_odb10/hmms/12560at4891.hmm
# Target file:     /home/inf-52-2022/De_novo_assembly/06_Busco/output/flye.assembly.fasta/run_saccharomycetes_odb10/metaeuk_output/initial_results/flye.assembly.fasta.modified.fas
# Option settings: hmmsearch --domtblout /home/inf-52-2022/De_novo_assembly/06_Busco/output/flye.assembly.fasta/run_saccharomycetes_odb10/hmmer_output/initial_run_results/12560at4891.out --cpu 1 /home/inf-52-2022/De_novo_assembly/06_Busco/busco_downloads/lineages/saccharomycetes_odb10/hmms/12560at4891.hmm /home/inf-52-2022/De_novo_assembly/06_Busco/output/flye.assembly.fasta/run_saccharomycetes_odb10/metaeuk_output/initial_results/flye.assembly.fasta.modified.fas 
# Current dir:     /home/inf-52-2022/De_novo_assembly/06_Busco
# Date:            Fri Feb 24 09:20:55 2023
# [ok]
