#                                                                                 --- full sequence --- -------------- this domain -------------   hmm coord   ali coord   env coord
# target name             accession   tlen query name           accession   qlen   E-value  score  bias   #  of  c-Evalue  i-Evalue  score  bias  from    to  from    to  from    to  acc description of target
#     ------------------- ---------- ----- -------------------- ---------- ----- --------- ------ ----- --- --- --------- --------- ------ ----- ----- ----- ----- ----- ----- ----- ---- ---------------------
contig_23:339381-341963   -            861 14486at4891          -            631  9.1e-301  996.1  12.1   1   2   6.9e-59   8.1e-57  190.2   1.2    17   152   144   279   131   287 0.95 -
contig_23:339381-341963   -            861 14486at4891          -            631  9.1e-301  996.1  12.1   2   2  4.2e-246  4.8e-244  808.7   3.8   141   629   290   843   283   845 0.88 -
contig_2:505749-507950    -            734 14486at4891          -            631   9.6e-32  107.4   4.1   1   2   5.1e-22   5.9e-20   68.4   0.1   142   266   102   238    80   244 0.76 -
contig_2:505749-507950    -            734 14486at4891          -            631   9.6e-32  107.4   4.1   2   2   5.2e-13   6.1e-11   38.7   0.8   286   399   283   403   276   422 0.78 -
contig_23:949185-950138   -            318 14486at4891          -            631   1.8e-25   86.7   0.5   1   1   2.2e-27   2.6e-25   86.1   0.5   149   437    10   288     2   292 0.77 -
contig_10:562732-563787   -            352 14486at4891          -            631   2.1e-21   73.2   0.3   1   2   5.4e-22   6.2e-20   68.4   0.0   139   412    17   288     8   294 0.78 -
contig_10:562732-563787   -            352 14486at4891          -            631   2.1e-21   73.2   0.3   2   2      0.03       3.5    3.1   0.1   544   569   296   321   283   334 0.78 -
contig_21:87099-88100     -            334 14486at4891          -            631   2.2e-20   69.9   0.0   1   1   3.3e-22   3.8e-20   69.1   0.0   139   366     5   219     1   234 0.81 -
contig_12:332552-387050   -            540 14486at4891          -            631   1.2e-09   34.3   0.0   1   2   1.4e-05    0.0017   14.1   0.0   192   237    35    80    28   112 0.74 -
contig_12:332552-387050   -            540 14486at4891          -            631   1.2e-09   34.3   0.0   2   2   8.6e-07    0.0001   18.1   0.0   151   216   280   345   272   400 0.92 -
scaffold_37:873945-876275 -            777 14486at4891          -            631   1.3e-08   31.0   0.0   1   2   3.8e-06   0.00044   16.0   0.0   185   236   272   323   228   360 0.73 -
scaffold_37:873945-876275 -            777 14486at4891          -            631   1.3e-08   31.0   0.0   2   2   3.6e-05    0.0042   12.8   0.0   186   269   544   623   514   639 0.68 -
scaffold_37:56135-58618   -            828 14486at4891          -            631   5.2e-08   29.0   0.0   1   2   1.2e-06   0.00014   17.6   0.0   108   225   154   272   130   319 0.70 -
scaffold_37:56135-58618   -            828 14486at4891          -            631   5.2e-08   29.0   0.0   2   2   0.00046     0.054    9.1   0.0   193   220   568   595   556   639 0.68 -
contig_16:1266781-1269285 -            835 14486at4891          -            631     6e-08   28.8   0.0   1   2   3.9e-06   0.00045   16.0   0.0   188   232   244   288   211   321 0.75 -
contig_16:1266781-1269285 -            835 14486at4891          -            631     6e-08   28.8   0.0   2   2   0.00018     0.021   10.5   0.0   189   221   518   550   509   612 0.68 -
contig_23:277555-278865   -            437 14486at4891          -            631   7.5e-07   25.2   0.0   1   3       8.4   9.8e+02   -5.0   1.8   117   167    33    83    13    97 0.59 -
contig_23:277555-278865   -            437 14486at4891          -            631   7.5e-07   25.2   0.0   2   3   6.4e-09   7.5e-07   25.2   0.0   188   268   211   287   179   298 0.81 -
contig_23:277555-278865   -            437 14486at4891          -            631   7.5e-07   25.2   0.0   3   3         4   4.6e+02   -3.9   0.0    75   104   352   381   349   391 0.79 -
contig_38:389677-390738   -            354 14486at4891          -            631   1.4e-05   20.9   2.5   1   2     0.001      0.12    8.0   0.0   147   208     2    52     1    62 0.78 -
contig_38:389677-390738   -            354 14486at4891          -            631   1.4e-05   20.9   2.5   2   2   0.00011     0.012   11.2   1.9   286   376   164   254   132   281 0.84 -
contig_5:889691-891001    -            437 14486at4891          -            631   1.7e-05   20.7   0.1   1   1   2.7e-07   3.1e-05   19.8   0.1   190   276   164   246    83   266 0.79 -
contig_39:181381-182781   -            467 14486at4891          -            631   2.2e-05   20.3   0.0   1   1   2.9e-07   3.3e-05   19.7   0.0   152   267   201   314   192   332 0.69 -
contig_5:426106-427080    -            325 14486at4891          -            631   8.8e-05   18.3   0.0   1   1   1.1e-06   0.00013   17.8   0.0   191   267    75   147    52   154 0.79 -
contig_5:619574-621814    -            747 14486at4891          -            631   0.00012   17.8   0.0   1   1   2.3e-06   0.00026   16.7   0.0   156   221   278   343   254   352 0.88 -
contig_16:298818-300176   -            453 14486at4891          -            631   0.00019   17.2   0.0   1   1   2.3e-06   0.00027   16.7   0.0   183   236   255   313   242   333 0.77 -
contig_38:413613-415883   -            757 14486at4891          -            631    0.0002   17.1   0.0   1   2    0.0012      0.14    7.8   0.0   188   216   270   298   265   373 0.70 -
contig_38:413613-415883   -            757 14486at4891          -            631    0.0002   17.1   0.0   2   2    0.0019      0.23    7.0   0.0   187   221   552   586   531   593 0.76 -
scaffold_25:557125-558210 -            362 14486at4891          -            631   0.00021   17.1   0.0   1   1   2.6e-06   0.00031   16.5   0.0   194   266   128   196   116   217 0.69 -
contig_21:20425-23277     -            951 14486at4891          -            631   0.00037   16.3   0.0   1   2       1.4   1.7e+02   -2.4   0.0   179   225   383   430   375   447 0.73 -
contig_21:20425-23277     -            951 14486at4891          -            631   0.00037   16.3   0.0   2   2   8.4e-06   0.00098   14.9   0.0   189   275   683   770   674   779 0.78 -
contig_16:262402-263685   -            428 14486at4891          -            631   0.00048   15.9   0.0   1   1   7.7e-06   0.00089   15.0   0.0   189   233   203   247   194   280 0.74 -
scaffold_25:689198-690409 -            404 14486at4891          -            631   0.00061   15.5   0.0   1   1   7.5e-06   0.00087   15.0   0.0   165   270   153   255    98   272 0.67 -
contig_5:112300-113712    -            471 14486at4891          -            631   0.00065   15.4   2.4   1   2   1.2e-05    0.0015   14.3   0.1   184   220    60    96    53   124 0.91 -
contig_5:112300-113712    -            471 14486at4891          -            631   0.00065   15.4   2.4   2   2      0.18        20    0.6   0.4   312   378   355   422   344   430 0.77 -
contig_12:386073-387632   -            520 14486at4891          -            631   0.00099   14.8   0.0   1   1   1.2e-05    0.0014   14.4   0.0   157   216    72   131    57   186 0.88 -
#
# Program:         hmmsearch
# Version:         3.1b2 (February 2015)
# Pipeline mode:   SEARCH
# Query file:      /home/inf-52-2022/De_novo_assembly/06_Busco/busco_downloads/lineages/saccharomycetes_odb10/hmms/14486at4891.hmm
# Target file:     /home/inf-52-2022/De_novo_assembly/06_Busco/output/flye.assembly.fasta/run_saccharomycetes_odb10/metaeuk_output/initial_results/flye.assembly.fasta.modified.fas
# Option settings: hmmsearch --domtblout /home/inf-52-2022/De_novo_assembly/06_Busco/output/flye.assembly.fasta/run_saccharomycetes_odb10/hmmer_output/initial_run_results/14486at4891.out --cpu 1 /home/inf-52-2022/De_novo_assembly/06_Busco/busco_downloads/lineages/saccharomycetes_odb10/hmms/14486at4891.hmm /home/inf-52-2022/De_novo_assembly/06_Busco/output/flye.assembly.fasta/run_saccharomycetes_odb10/metaeuk_output/initial_results/flye.assembly.fasta.modified.fas 
# Current dir:     /home/inf-52-2022/De_novo_assembly/06_Busco
# Date:            Fri Feb 24 09:20:55 2023
# [ok]
