#                                                                               --- full sequence --- -------------- this domain -------------   hmm coord   ali coord   env coord
# target name           accession   tlen query name           accession   qlen   E-value  score  bias   #  of  c-Evalue  i-Evalue  score  bias  from    to  from    to  from    to  acc description of target
#   ------------------- ---------- ----- -------------------- ---------- ----- --------- ------ ----- --- --- --------- --------- ------ ----- ----- ----- ----- ----- ----- ----- ---- ---------------------
contig_23:885851-886990 -            380 23197at4891          -            216   3.3e-42  142.1   7.2   1   4    0.0074        10    3.2   0.0     1    13     7    19     7    28 0.88 -
contig_23:885851-886990 -            380 23197at4891          -            216   3.3e-42  142.1   7.2   2   4   4.2e-19   5.6e-16   56.3   1.1    11   123    45   212    43   217 0.70 -
contig_23:885851-886990 -            380 23197at4891          -            216   3.3e-42  142.1   7.2   3   4   5.8e-25   7.7e-22   75.5   0.0   127   194   243   326   235   340 0.79 -
contig_23:885851-886990 -            380 23197at4891          -            216   3.3e-42  142.1   7.2   4   4      0.37   4.9e+02   -2.3   0.0   193   210   349   366   347   371 0.82 -
contig_13:340785-341684 -            300 23197at4891          -            216   4.6e-22   76.2   0.8   1   3     0.018        24    2.0   0.0    12    30    37    55    33    67 0.87 -
contig_13:340785-341684 -            300 23197at4891          -            216   4.6e-22   76.2   0.8   2   3   3.8e-09   5.1e-06   23.8   0.1    66   123   124   195   114   203 0.74 -
contig_13:340785-341684 -            300 23197at4891          -            216   4.6e-22   76.2   0.8   3   3   2.7e-16   3.6e-13   47.2   0.1   128   187   225   294   216   300 0.79 -
#
# Program:         hmmsearch
# Version:         3.1b2 (February 2015)
# Pipeline mode:   SEARCH
# Query file:      /home/inf-52-2022/De_novo_assembly/06_Busco/busco_downloads/lineages/saccharomycetes_odb10/hmms/23197at4891.hmm
# Target file:     /home/inf-52-2022/De_novo_assembly/06_Busco/output/flye.assembly.fasta/run_saccharomycetes_odb10/metaeuk_output/initial_results/flye.assembly.fasta.modified.fas
# Option settings: hmmsearch --domtblout /home/inf-52-2022/De_novo_assembly/06_Busco/output/flye.assembly.fasta/run_saccharomycetes_odb10/hmmer_output/initial_run_results/23197at4891.out --cpu 1 /home/inf-52-2022/De_novo_assembly/06_Busco/busco_downloads/lineages/saccharomycetes_odb10/hmms/23197at4891.hmm /home/inf-52-2022/De_novo_assembly/06_Busco/output/flye.assembly.fasta/run_saccharomycetes_odb10/metaeuk_output/initial_results/flye.assembly.fasta.modified.fas 
# Current dir:     /home/inf-52-2022/De_novo_assembly/06_Busco
# Date:            Fri Feb 24 09:20:55 2023
# [ok]
