#                                                                                 --- full sequence --- -------------- this domain -------------   hmm coord   ali coord   env coord
# target name             accession   tlen query name           accession   qlen   E-value  score  bias   #  of  c-Evalue  i-Evalue  score  bias  from    to  from    to  from    to  acc description of target
#     ------------------- ---------- ----- -------------------- ---------- ----- --------- ------ ----- --- --- --------- --------- ------ ----- ----- ----- ----- ----- ----- ----- ---- ---------------------
scaffold_37:343797-344990 -            398 23699at4891          -            249     2e-73  244.1  11.6   1   3    0.0002      0.13    8.9   0.0     6    42    39    76    36    90 0.79 -
scaffold_37:343797-344990 -            398 23699at4891          -            249     2e-73  244.1  11.6   2   3   0.00016      0.11    9.1   0.2    40    90   106   156    93   165 0.79 -
scaffold_37:343797-344990 -            398 23699at4891          -            249     2e-73  244.1  11.6   3   3   1.9e-69   1.3e-66  221.8  10.9    78   249   183   386   133   386 0.82 -
scaffold_25:49443-49916   -            158 23699at4891          -            249   2.4e-37  126.0   0.6   1   1   9.9e-40   6.6e-37  124.5   0.6   118   249     5   156     2   156 0.85 -
contig_23:910309-911172   -            288 23699at4891          -            249   2.9e-23   79.8   0.0   1   1   7.1e-26   4.7e-23   79.1   0.0   110   247   111   272     8   274 0.76 -
scaffold_25:766019-769351 -           1111 23699at4891          -            249   1.7e-12   44.6   1.3   1   2      0.13        85   -0.3   0.3     8    68   643   704   636   720 0.80 -
scaffold_25:766019-769351 -           1111 23699at4891          -            249   1.7e-12   44.6   1.3   2   2   1.1e-14   7.2e-12   42.5   0.0   175   246   999  1077   956  1080 0.83 -
#
# Program:         hmmsearch
# Version:         3.1b2 (February 2015)
# Pipeline mode:   SEARCH
# Query file:      /home/inf-52-2022/De_novo_assembly/06_Busco/busco_downloads/lineages/saccharomycetes_odb10/hmms/23699at4891.hmm
# Target file:     /home/inf-52-2022/De_novo_assembly/06_Busco/output/flye.assembly.fasta/run_saccharomycetes_odb10/metaeuk_output/initial_results/flye.assembly.fasta.modified.fas
# Option settings: hmmsearch --domtblout /home/inf-52-2022/De_novo_assembly/06_Busco/output/flye.assembly.fasta/run_saccharomycetes_odb10/hmmer_output/initial_run_results/23699at4891.out --cpu 1 /home/inf-52-2022/De_novo_assembly/06_Busco/busco_downloads/lineages/saccharomycetes_odb10/hmms/23699at4891.hmm /home/inf-52-2022/De_novo_assembly/06_Busco/output/flye.assembly.fasta/run_saccharomycetes_odb10/metaeuk_output/initial_results/flye.assembly.fasta.modified.fas 
# Current dir:     /home/inf-52-2022/De_novo_assembly/06_Busco
# Date:            Fri Feb 24 09:20:55 2023
# [ok]
