#                                                                               --- full sequence --- -------------- this domain -------------   hmm coord   ali coord   env coord
# target name           accession   tlen query name           accession   qlen   E-value  score  bias   #  of  c-Evalue  i-Evalue  score  bias  from    to  from    to  from    to  acc description of target
#   ------------------- ---------- ----- -------------------- ---------- ----- --------- ------ ----- --- --- --------- --------- ------ ----- ----- ----- ----- ----- ----- ----- ---- ---------------------
contig_12:364067-364651 -            195 40500at4891          -             98   2.3e-31  104.7   7.4   1   3   1.3e-23   6.9e-21   71.1   0.0     2    51     7    57     6    62 0.87 -
contig_12:364067-364651 -            195 40500at4891          -             98   2.3e-31  104.7   7.4   2   3   6.7e-13   3.6e-10   36.8   1.6    46    94    70   120    64   142 0.81 -
contig_12:364067-364651 -            195 40500at4891          -             98   2.3e-31  104.7   7.4   3   3       1.3     7e+02   -2.7   0.1    85    97   182   194   171   195 0.66 -
contig_10:175766-176212 -            149 40500at4891          -             98   4.8e-14   49.2   0.3   1   1   1.3e-16   7.1e-14   48.6   0.3     7    72    24    91    18   136 0.84 -
contig_12:120835-121104 -             90 40500at4891          -             98   6.8e-10   35.9   0.2   1   1   1.5e-12   8.2e-10   35.6   0.2     7    67    22    87    18    90 0.76 -
contig_16:295778-296011 -             78 40500at4891          -             98   2.2e-08   31.0   0.1   1   1   4.4e-11   2.4e-08   30.9   0.1     5    71     8    75     4    78 0.87 -
contig_5:903370-903597  -             76 40500at4891          -             98   8.6e-08   29.1   0.0   1   1   1.8e-10   9.9e-08   28.9   0.0     5    68    11    72     7    75 0.86 -
#
# Program:         hmmsearch
# Version:         3.1b2 (February 2015)
# Pipeline mode:   SEARCH
# Query file:      /home/inf-52-2022/De_novo_assembly/06_Busco/busco_downloads/lineages/saccharomycetes_odb10/hmms/40500at4891.hmm
# Target file:     /home/inf-52-2022/De_novo_assembly/06_Busco/output/flye.assembly.fasta/run_saccharomycetes_odb10/metaeuk_output/initial_results/flye.assembly.fasta.modified.fas
# Option settings: hmmsearch --domtblout /home/inf-52-2022/De_novo_assembly/06_Busco/output/flye.assembly.fasta/run_saccharomycetes_odb10/hmmer_output/initial_run_results/40500at4891.out --cpu 1 /home/inf-52-2022/De_novo_assembly/06_Busco/busco_downloads/lineages/saccharomycetes_odb10/hmms/40500at4891.hmm /home/inf-52-2022/De_novo_assembly/06_Busco/output/flye.assembly.fasta/run_saccharomycetes_odb10/metaeuk_output/initial_results/flye.assembly.fasta.modified.fas 
# Current dir:     /home/inf-52-2022/De_novo_assembly/06_Busco
# Date:            Fri Feb 24 09:20:56 2023
# [ok]
