#                                                                                 --- full sequence --- -------------- this domain -------------   hmm coord   ali coord   env coord
# target name             accession   tlen query name           accession   qlen   E-value  score  bias   #  of  c-Evalue  i-Evalue  score  bias  from    to  from    to  from    to  acc description of target
#     ------------------- ---------- ----- -------------------- ---------- ----- --------- ------ ----- --- --- --------- --------- ------ ----- ----- ----- ----- ----- ----- ----- ---- ---------------------
contig_5:643216-646314    -           1033 4082at4891           -            696  1.2e-220  731.5  11.9   1   4  9.4e-160  1.2e-157  523.3   3.7     2   420    72   589    71   603 0.84 -
contig_5:643216-646314    -           1033 4082at4891           -            696  1.2e-220  731.5  11.9   2   4   9.7e-46   1.2e-43  146.4   0.3   412   562   609   793   595   811 0.80 -
contig_5:643216-646314    -           1033 4082at4891           -            696  1.2e-220  731.5  11.9   3   4   1.6e-14   2.1e-12   43.2   0.0   585   654   859   941   832   962 0.81 -
contig_5:643216-646314    -           1033 4082at4891           -            696  1.2e-220  731.5  11.9   4   4   2.3e-06    0.0003   16.3   0.0   658   695   990  1032   983  1033 0.87 -
contig_38:790096-793116   -           1007 4082at4891           -            696  7.9e-214  709.0  19.5   1   4  9.6e-159  1.2e-156  519.9   4.1     2   413    35   545    34   551 0.85 -
contig_38:790096-793116   -           1007 4082at4891           -            696  7.9e-214  709.0  19.5   2   4   2.9e-43   3.6e-41  138.3   1.4   410   562   568   754   559   761 0.80 -
contig_38:790096-793116   -           1007 4082at4891           -            696  7.9e-214  709.0  19.5   3   4   1.2e-12   1.6e-10   37.0   0.1   561   655   782   916   759   922 0.71 -
contig_38:790096-793116   -           1007 4082at4891           -            696  7.9e-214  709.0  19.5   4   4   9.9e-06    0.0013   14.2   0.1   656   695   962  1006   956  1007 0.86 -
contig_4:63823-65097      -            425 4082at4891           -            696   3.1e-06   22.8   0.0   1   2   1.1e-06   0.00014   17.4   0.0    74   134    22    82    17    85 0.93 -
contig_4:63823-65097      -            425 4082at4891           -            696   3.1e-06   22.8   0.0   2   2   0.00049     0.063    8.6   0.0   171   273    75   173    70   179 0.89 -
contig_7:234712-237465    -            918 4082at4891           -            696     1e-05   21.1   0.1   1   2   2.4e-05    0.0031   12.9   0.0    75   204   257   381   246   394 0.72 -
contig_7:234712-237465    -            918 4082at4891           -            696     1e-05   21.1   0.1   2   2    0.0069      0.87    4.8   0.0   347   412   485   548   477   565 0.80 -
contig_7:255115-256113    -            333 4082at4891           -            696   3.2e-05   19.5   0.1   1   3    0.0063       0.8    4.9   0.0   174   203    10    39     4    43 0.89 -
contig_7:255115-256113    -            333 4082at4891           -            696   3.2e-05   19.5   0.1   2   3       2.3     3e+02   -3.6   0.0   350   365    69    84    64    89 0.80 -
contig_7:255115-256113    -            333 4082at4891           -            696   3.2e-05   19.5   0.1   3   3   6.1e-05    0.0078   11.6   0.0   171   205   223   257   210   296 0.88 -
contig_7:232674-237465    -           1413 4082at4891           -            696     4e-05   19.1   0.2   1   2   4.3e-05    0.0055   12.1   0.0    75   204   257   381   246   395 0.72 -
contig_7:232674-237465    -           1413 4082at4891           -            696     4e-05   19.1   0.2   2   2     0.012       1.5    4.0   0.0   347   412   485   548   477   564 0.80 -
contig_21:41545-42894     -            450 4082at4891           -            696   0.00018   16.9   0.7   1   2   0.00023     0.029    9.7   0.2    78   205   120   241   107   255 0.81 -
contig_21:41545-42894     -            450 4082at4891           -            696   0.00018   16.9   0.7   2   2    0.0041      0.53    5.5   0.0   127   196   292   363   268   367 0.83 -
contig_5:808329-811106    -            926 4082at4891           -            696    0.0003   16.2   1.7   1   2     0.014       1.8    3.7   0.1   368   410   126   167   120   186 0.77 -
contig_5:808329-811106    -            926 4082at4891           -            696    0.0003   16.2   1.7   2   2   6.4e-05    0.0081   11.5   0.1   129   236   234   339   227   353 0.89 -
contig_13:368314-369606   -            431 4082at4891           -            696    0.0012   14.3   0.0   1   1   1.5e-05    0.0019   13.6   0.0   376   508   203   339   147   374 0.79 -
contig_38:233003-233899   -            299 4082at4891           -            696    0.0015   14.0   0.1   1   3    0.0041      0.53    5.5   0.1   101   205    20   118     7   135 0.78 -
contig_38:233003-233899   -            299 4082at4891           -            696    0.0015   14.0   0.1   2   3     0.079        10    1.3   0.0   347   372   136   161   131   202 0.74 -
contig_38:233003-233899   -            299 4082at4891           -            696    0.0015   14.0   0.1   3   3     0.017       2.1    3.5   0.0    87   131   235   279   217   283 0.90 -
contig_21:620883-621794   -            304 4082at4891           -            696    0.0021   13.4   0.1   1   4     0.035       4.5    2.4   0.0   353   405    52   102    43   111 0.69 -
contig_21:620883-621794   -            304 4082at4891           -            696    0.0021   13.4   0.1   2   4    0.0095       1.2    4.3   0.0   169   201   118   150   110   166 0.83 -
contig_21:620883-621794   -            304 4082at4891           -            696    0.0021   13.4   0.1   3   4     0.018       2.3    3.4   0.0   350   406   132   187   128   193 0.81 -
contig_21:620883-621794   -            304 4082at4891           -            696    0.0021   13.4   0.1   4   4      0.08        10    1.3   0.0   349   369   265   285   260   289 0.84 -
contig_13:253502-254320   -            273 4082at4891           -            696    0.0022   13.4   0.6   1   3    0.0097       1.2    4.3   0.0   171   204   108   141    74   170 0.81 -
contig_13:253502-254320   -            273 4082at4891           -            696    0.0022   13.4   0.6   2   3    0.0086       1.1    4.5   0.0   179   205   205   231   196   236 0.90 -
contig_13:253502-254320   -            273 4082at4891           -            696    0.0022   13.4   0.6   3   3      0.12        16    0.7   0.0   183   203   249   269   244   272 0.60 -
contig_38:367040-368644   -            535 4082at4891           -            696    0.0039   12.6   0.2   1   2   0.00053     0.067    8.5   0.1    78   167   220   304   212   317 0.76 -
contig_38:367040-368644   -            535 4082at4891           -            696    0.0039   12.6   0.2   2   2     0.087        11    1.1   0.0   348   416   372   437   364   445 0.85 -
contig_39:515880-516758   -            293 4082at4891           -            696    0.0043   12.4   0.2   1   4         1   1.3e+02   -2.4   0.0   348   364    28    44    25    50 0.82 -
contig_39:515880-516758   -            293 4082at4891           -            696    0.0043   12.4   0.2   2   4      0.15        19    0.4   0.0   182   214    88   120    62   127 0.79 -
contig_39:515880-516758   -            293 4082at4891           -            696    0.0043   12.4   0.2   3   4    0.0057      0.73    5.1   0.0   347   364   151   168   144   175 0.89 -
contig_39:515880-516758   -            293 4082at4891           -            696    0.0043   12.4   0.2   4   4     0.045       5.8    2.1   0.0   350   406   194   245   185   253 0.50 -
contig_5:895499-896887    -            463 4082at4891           -            696    0.0046   12.3   0.0   1   2   0.00067     0.086    8.1   0.0   119   204   212   300   199   319 0.74 -
contig_5:895499-896887    -            463 4082at4891           -            696    0.0046   12.3   0.0   2   2     0.046       5.9    2.0   0.0   171   199   351   379   327   403 0.79 -
scaffold_37:540983-543430 -            816 4082at4891           -            696    0.0061   11.9   1.3   1   4    0.0025      0.32    6.3   0.1    52   113    73   137    59   141 0.83 -
scaffold_37:540983-543430 -            816 4082at4891           -            696    0.0061   11.9   1.3   2   4      0.31        39   -0.7   0.0   349   367   162   180   146   194 0.82 -
scaffold_37:540983-543430 -            816 4082at4891           -            696    0.0061   11.9   1.3   3   4     0.043       5.5    2.2   0.0   347   369   587   609   555   616 0.89 -
scaffold_37:540983-543430 -            816 4082at4891           -            696    0.0061   11.9   1.3   4   4       3.9   4.9e+02   -4.3   0.0   182   371   631   654   627   684 0.50 -
contig_12:202765-203859   -            365 4082at4891           -            696    0.0075   11.6   0.1   1   3      0.17        21    0.2   0.0   144   197   100   154    37   168 0.52 -
contig_12:202765-203859   -            365 4082at4891           -            696    0.0075   11.6   0.1   2   3     0.038       4.8    2.4   0.0    12    33   170   191   164   204 0.83 -
contig_12:202765-203859   -            365 4082at4891           -            696    0.0075   11.6   0.1   3   3    0.0063      0.81    4.9   0.0   171   204   272   305   266   317 0.86 -
scaffold_37:112989-114443 -            485 4082at4891           -            696    0.0075   11.6   2.0   1   2      0.24        31   -0.3   0.0   348   368    81   101    76   107 0.88 -
scaffold_37:112989-114443 -            485 4082at4891           -            696    0.0075   11.6   2.0   2   2   0.00037     0.047    9.0   1.5   102   224   244   358   238   363 0.84 -
contig_38:197829-200219   -            797 4082at4891           -            696     0.017   10.5   0.7   1   3   0.00054     0.069    8.4   0.1   171   202   612   643   518   648 0.71 -
contig_38:197829-200219   -            797 4082at4891           -            696     0.017   10.5   0.7   2   3      0.78        99   -2.0   0.0   350   367   666   683   662   689 0.78 -
contig_38:197829-200219   -            797 4082at4891           -            696     0.017   10.5   0.7   3   3       1.1   1.4e+02   -2.5   0.0   347   367   706   726   703   731 0.85 -
contig_5:91699-92655      -            319 4082at4891           -            696     0.018   10.3   0.0   1   1   0.00027     0.035    9.4   0.0   117   151   184   218   173   239 0.89 -
contig_2:554403-556736    -            778 4082at4891           -            696     0.024    9.9   0.0   1   1   0.00038     0.049    8.9   0.0    77   136   407   468   401   481 0.86 -
#
# Program:         hmmsearch
# Version:         3.1b2 (February 2015)
# Pipeline mode:   SEARCH
# Query file:      /home/inf-52-2022/De_novo_assembly/06_Busco/busco_downloads/lineages/saccharomycetes_odb10/hmms/4082at4891.hmm
# Target file:     /home/inf-52-2022/De_novo_assembly/06_Busco/output/flye.assembly.fasta/run_saccharomycetes_odb10/metaeuk_output/initial_results/flye.assembly.fasta.modified.fas
# Option settings: hmmsearch --domtblout /home/inf-52-2022/De_novo_assembly/06_Busco/output/flye.assembly.fasta/run_saccharomycetes_odb10/hmmer_output/initial_run_results/4082at4891.out --cpu 1 /home/inf-52-2022/De_novo_assembly/06_Busco/busco_downloads/lineages/saccharomycetes_odb10/hmms/4082at4891.hmm /home/inf-52-2022/De_novo_assembly/06_Busco/output/flye.assembly.fasta/run_saccharomycetes_odb10/metaeuk_output/initial_results/flye.assembly.fasta.modified.fas 
# Current dir:     /home/inf-52-2022/De_novo_assembly/06_Busco
# Date:            Fri Feb 24 09:20:56 2023
# [ok]
