#                                                                               --- full sequence --- -------------- this domain -------------   hmm coord   ali coord   env coord
# target name           accession   tlen query name           accession   qlen   E-value  score  bias   #  of  c-Evalue  i-Evalue  score  bias  from    to  from    to  from    to  acc description of target
#   ------------------- ---------- ----- -------------------- ---------- ----- --------- ------ ----- --- --- --------- --------- ------ ----- ----- ----- ----- ----- ----- ----- ---- ---------------------
contig_16:295778-296011 -             78 42330at4891          -             58   3.9e-26   87.8   0.6   1   2   3.8e-21     2e-18   63.0   0.1     2    43     4    46     3    49 0.94 -
contig_16:295778-296011 -             78 42330at4891          -             58   3.9e-26   87.8   0.6   2   2   7.8e-09   4.2e-06   23.6   0.1    38    58    56    76    53    76 0.90 -
contig_5:903370-903597  -             76 42330at4891          -             58   3.3e-11   39.9   0.2   1   1   3.5e-12   1.9e-09   34.3   0.2     2    57     7    75     6    76 0.83 -
contig_12:120835-121104 -             90 42330at4891          -             58    0.0016   15.3   0.0   1   1   4.7e-06    0.0025   14.7   0.0     7    42    21    57    16    60 0.90 -
contig_12:364067-364651 -            195 42330at4891          -             58    0.0028   14.5   0.0   1   2   1.1e-05    0.0058   13.5   0.0     4    42     8    47     5    51 0.89 -
contig_12:364067-364651 -            195 42330at4891          -             58    0.0028   14.5   0.0   2   2       2.8   1.5e+03   -3.8   0.0    48    54    86    92    84    94 0.81 -
contig_10:175766-176212 -            149 42330at4891          -             58    0.0047   13.8   0.2   1   1   6.6e-05     0.035   11.0   0.2    12    44    28    61    20    91 0.88 -
#
# Program:         hmmsearch
# Version:         3.1b2 (February 2015)
# Pipeline mode:   SEARCH
# Query file:      /home/inf-52-2022/De_novo_assembly/06_Busco/busco_downloads/lineages/saccharomycetes_odb10/hmms/42330at4891.hmm
# Target file:     /home/inf-52-2022/De_novo_assembly/06_Busco/output/flye.assembly.fasta/run_saccharomycetes_odb10/metaeuk_output/initial_results/flye.assembly.fasta.modified.fas
# Option settings: hmmsearch --domtblout /home/inf-52-2022/De_novo_assembly/06_Busco/output/flye.assembly.fasta/run_saccharomycetes_odb10/hmmer_output/initial_run_results/42330at4891.out --cpu 1 /home/inf-52-2022/De_novo_assembly/06_Busco/busco_downloads/lineages/saccharomycetes_odb10/hmms/42330at4891.hmm /home/inf-52-2022/De_novo_assembly/06_Busco/output/flye.assembly.fasta/run_saccharomycetes_odb10/metaeuk_output/initial_results/flye.assembly.fasta.modified.fas 
# Current dir:     /home/inf-52-2022/De_novo_assembly/06_Busco
# Date:            Fri Feb 24 09:20:57 2023
# [ok]
