#                                                                                   --- full sequence --- -------------- this domain -------------   hmm coord   ali coord   env coord
# target name               accession   tlen query name           accession   qlen   E-value  score  bias   #  of  c-Evalue  i-Evalue  score  bias  from    to  from    to  from    to  acc description of target
#       ------------------- ---------- ----- -------------------- ---------- ----- --------- ------ ----- --- --- --------- --------- ------ ----- ----- ----- ----- ----- ----- ----- ---- ---------------------
contig_5:208560-211595      -           1012 4263at4891           -            571  9.9e-109  361.9  53.9   1   5   5.5e-60   2.5e-58  195.5  12.3     1   207     6   303     6   309 0.79 -
contig_5:208560-211595      -           1012 4263at4891           -            571  9.9e-109  361.9  53.9   2   5      0.01      0.46    6.4   0.3   203   267   324   389   316   411 0.58 -
contig_5:208560-211595      -           1012 4263at4891           -            571  9.9e-109  361.9  53.9   3   5   5.1e-06   0.00023   17.4   4.2   278   360   468   604   403   616 0.62 -
contig_5:208560-211595      -           1012 4263at4891           -            571  9.9e-109  361.9  53.9   4   5   1.2e-36   5.3e-35  118.5   3.7   361   497   639   845   613   848 0.72 -
contig_5:208560-211595      -           1012 4263at4891           -            571  9.9e-109  361.9  53.9   5   5   3.6e-08   1.7e-06   24.4   4.4   505   571   900  1012   875  1012 0.64 -
scaffold_37:379326-382154   -            943 4263at4891           -            571   1.2e-32  110.8  27.1   1   7   8.9e-08     4e-06   23.2   0.1    93   142   101   150    89   153 0.91 -
scaffold_37:379326-382154   -            943 4263at4891           -            571   1.2e-32  110.8  27.1   2   7     5e-11   2.3e-09   33.9   5.6    94   179   144   230   143   236 0.92 -
scaffold_37:379326-382154   -            943 4263at4891           -            571   1.2e-32  110.8  27.1   3   7       1.7        77   -0.9   0.1   343   380   267   302   241   363 0.81 -
scaffold_37:379326-382154   -            943 4263at4891           -            571   1.2e-32  110.8  27.1   4   7      0.11       4.9    3.1   0.0   119   148   397   425   380   434 0.60 -
scaffold_37:379326-382154   -            943 4263at4891           -            571   1.2e-32  110.8  27.1   5   7   9.1e-06   0.00041   16.5   0.0    85   149   444   509   439   514 0.88 -
scaffold_37:379326-382154   -            943 4263at4891           -            571   1.2e-32  110.8  27.1   6   7   4.7e-08   2.1e-06   24.1   0.1    93   164   553   624   546   625 0.95 -
scaffold_37:379326-382154   -            943 4263at4891           -            571   1.2e-32  110.8  27.1   7   7   4.8e-12   2.2e-10   37.2   2.4   108   180   610   686   607   689 0.93 -
contig_7:274712-275404      -            231 4263at4891           -            571     5e-29   98.8   1.1   1   4   8.5e-13   3.9e-11   39.7   0.0   118   182     3    71     1    83 0.88 -
contig_7:274712-275404      -            231 4263at4891           -            571     5e-29   98.8   1.1   2   4   3.7e-06   0.00017   17.8   0.0    97   148    66   117    66   122 0.92 -
contig_7:274712-275404      -            231 4263at4891           -            571     5e-29   98.8   1.1   3   4     2e-08   9.1e-07   25.3   0.1   108   147   126   165   119   170 0.89 -
contig_7:274712-275404      -            231 4263at4891           -            571     5e-29   98.8   1.1   4   4   2.1e-06   9.5e-05   18.6   0.0   106   155   178   227   171   230 0.90 -
contig_7:255115-256113      -            333 4263at4891           -            571   1.7e-27   93.7  16.8   1   4   4.7e-06   0.00021   17.5   0.2   111   163     2    55     1    62 0.87 -
contig_7:255115-256113      -            333 4263at4891           -            571   1.7e-27   93.7  16.8   2   4   4.5e-07     2e-05   20.8   1.6    93   157    76   140    66   155 0.83 -
contig_7:255115-256113      -            333 4263at4891           -            571   1.7e-27   93.7  16.8   3   4   3.7e-17   1.7e-15   54.1   0.8    95   181   201   292   188   293 0.90 -
contig_7:255115-256113      -            333 4263at4891           -            571   1.7e-27   93.7  16.8   4   4     3e-11   1.4e-09   34.6   2.0   107   179   256   332   254   333 0.91 -
contig_13:253502-254320     -            273 4263at4891           -            571   7.2e-27   91.7  16.0   1   3   4.4e-12     2e-10   37.4   2.3    93   181     6    94     1   100 0.90 -
contig_13:253502-254320     -            273 4263at4891           -            571   7.2e-27   91.7  16.0   2   3   8.6e-11   3.9e-09   33.1   2.1    85   158    78   150    76   163 0.91 -
contig_13:253502-254320     -            273 4263at4891           -            571   7.2e-27   91.7  16.0   3   3   2.5e-12   1.1e-10   38.2   1.0   127   182   208   265   204   272 0.90 -
contig_38:197829-200219     -            797 4263at4891           -            571   5.9e-25   85.3   6.8   1   3         2        92   -1.1   0.1   438   468   463   496   458   499 0.74 -
contig_38:197829-200219     -            797 4263at4891           -            571   5.9e-25   85.3   6.8   2   3   2.9e-15   1.3e-13   47.8   0.1   105   188   517   604   510   607 0.89 -
contig_38:197829-200219     -            797 4263at4891           -            571   5.9e-25   85.3   6.8   3   3   9.5e-13   4.3e-11   39.6   0.5    85   182   623   725   615   728 0.93 -
scaffold_37:540983-543430   -            816 4263at4891           -            571   1.5e-24   84.0  14.8   1   5      0.05       2.3    4.2   0.0    82   149    27    97    15   101 0.85 -
scaffold_37:540983-543430   -            816 4263at4891           -            571   1.5e-24   84.0  14.8   2   5   3.1e-06   0.00014   18.1   0.4    86   166   117   201   105   224 0.88 -
scaffold_37:540983-543430   -            816 4263at4891           -            571   1.5e-24   84.0  14.8   3   5      0.51        23    0.8   0.0   110   169   385   448   380   481 0.74 -
scaffold_37:540983-543430   -            816 4263at4891           -            571   1.5e-24   84.0  14.8   4   5   1.6e-08   7.1e-07   25.6   0.4   107   179   485   561   462   562 0.89 -
scaffold_37:540983-543430   -            816 4263at4891           -            571   1.5e-24   84.0  14.8   5   5   9.3e-15   4.2e-13   46.2   1.8    94   179   556   645   546   648 0.93 -
contig_16:1307269-1310865   -           1199 4263at4891           -            571   3.3e-24   82.9   7.3   1   3   2.9e-15   1.3e-13   47.8   0.2    93   182    33   126    25   127 0.93 -
contig_16:1307269-1310865   -           1199 4263at4891           -            571   3.3e-24   82.9   7.3   2   3   4.9e-08   2.2e-06   24.0   1.7   110   180    92   166    91   172 0.88 -
contig_16:1307269-1310865   -           1199 4263at4891           -            571   3.3e-24   82.9   7.3   3   3   2.5e-09   1.1e-07   28.3   0.3   109   180   205   282   196   286 0.82 -
contig_5:275242-276576      -            445 4263at4891           -            571   4.5e-21   72.5   3.2   1   5   3.2e-05    0.0015   14.7   0.0   109   155   129   176   124   180 0.90 -
contig_5:275242-276576      -            445 4263at4891           -            571   4.5e-21   72.5   3.2   2   5   1.6e-11   7.1e-10   35.5   0.2    94   161   157   224   148   234 0.92 -
contig_5:275242-276576      -            445 4263at4891           -            571   4.5e-21   72.5   3.2   3   5     1e-09   4.7e-08   29.5   0.1    94   156   241   303   225   329 0.84 -
contig_5:275242-276576      -            445 4263at4891           -            571   4.5e-21   72.5   3.2   4   5      0.48        22    0.9   0.0    87   148   317   378   306   383 0.78 -
contig_5:275242-276576      -            445 4263at4891           -            571   4.5e-21   72.5   3.2   5   5     0.053       2.4    4.1   0.0   113   144   393   424   378   431 0.80 -
contig_7:234712-237465      -            918 4263at4891           -            571   7.3e-21   71.8   9.9   1   4      0.13       5.7    2.8   0.0    91   148    33    90    28   105 0.88 -
contig_7:234712-237465      -            918 4263at4891           -            571   7.3e-21   71.8   9.9   2   4    0.0011     0.049    9.7   0.3   110   179   143   219   119   225 0.75 -
contig_7:234712-237465      -            918 4263at4891           -            571   7.3e-21   71.8   9.9   3   4   8.3e-12   3.8e-10   36.5   0.3    92   179   324   415   316   426 0.94 -
contig_7:234712-237465      -            918 4263at4891           -            571   7.3e-21   71.8   9.9   4   4   1.5e-08   6.9e-07   25.7   0.1    85   142   444   502   440   510 0.92 -
contig_7:232674-237465      -           1413 4263at4891           -            571   6.3e-20   68.7   9.9   1   4      0.21       9.5    2.1   0.0    91   148    33    90    28   105 0.88 -
contig_7:232674-237465      -           1413 4263at4891           -            571   6.3e-20   68.7   9.9   2   4    0.0019     0.084    8.9   0.3   110   179   143   219   119   225 0.75 -
contig_7:232674-237465      -           1413 4263at4891           -            571   6.3e-20   68.7   9.9   3   4   1.4e-11   6.5e-10   35.7   0.3    92   179   324   415   316   426 0.94 -
contig_7:232674-237465      -           1413 4263at4891           -            571   6.3e-20   68.7   9.9   4   4   2.5e-08   1.1e-06   25.0   0.1    85   142   444   502   440   510 0.92 -
contig_21:620883-621794     -            304 4263at4891           -            571   1.5e-18   64.2  11.0   1   4     0.041       1.9    4.4   0.0   515   551    29    65    13    68 0.83 -
contig_21:620883-621794     -            304 4263at4891           -            571   1.5e-18   64.2  11.0   2   4   2.4e-09   1.1e-07   28.3   0.1   106   180    69   146    65   156 0.88 -
contig_21:620883-621794     -            304 4263at4891           -            571   1.5e-18   64.2  11.0   3   4   7.9e-08   3.6e-06   23.3   0.9    86   163   175   259   159   260 0.80 -
contig_21:620883-621794     -            304 4263at4891           -            571   1.5e-18   64.2  11.0   4   4   2.3e-06    0.0001   18.5   0.5   106   155   244   293   240   296 0.92 -
contig_39:39138-41282       -            715 4263at4891           -            571   4.4e-18   62.6   7.6   1   3     0.032       1.4    4.8   0.2   164   192    25    53     6    57 0.85 -
contig_39:39138-41282       -            715 4263at4891           -            571   4.4e-18   62.6   7.6   2   3     2e-08   9.1e-07   25.3   0.2    88   183    74   170    56   177 0.82 -
contig_39:39138-41282       -            715 4263at4891           -            571   4.4e-18   62.6   7.6   3   3   1.3e-11     6e-10   35.8   0.1   124   182   190   250   168   263 0.85 -
contig_39:404518-405741     -            408 4263at4891           -            571   2.7e-17   60.0   5.0   1   3   8.7e-10     4e-08   29.8   0.1   108   184    41   115    33   121 0.86 -
contig_39:404518-405741     -            408 4263at4891           -            571   2.7e-17   60.0   5.0   2   3   8.3e-09   3.8e-07   26.6   1.0    94   144   124   174   108   182 0.74 -
contig_39:404518-405741     -            408 4263at4891           -            571   2.7e-17   60.0   5.0   3   3     0.054       2.5    4.0   0.0   125   148   308   331   285   350 0.59 -
contig_5:895499-896887      -            463 4263at4891           -            571   1.2e-16   57.9  10.1   1   4    0.0013      0.06    9.4   0.0    83   158   186   267   172   267 0.77 -
contig_5:895499-896887      -            463 4263at4891           -            571   1.2e-16   57.9  10.1   2   4   4.3e-06    0.0002   17.6   0.2   108   163   259   314   253   317 0.94 -
contig_5:895499-896887      -            463 4263at4891           -            571   1.2e-16   57.9  10.1   3   4     2e-08   9.3e-07   25.3   0.3    85   177   320   420   317   426 0.82 -
contig_5:895499-896887      -            463 4263at4891           -            571   1.2e-16   57.9  10.1   4   4   0.00018     0.008   12.3   0.3    97   140   420   463   416   463 0.87 -
contig_12:286921-287775     -            285 4263at4891           -            571   1.4e-16   57.6  10.8   1   4   7.2e-09   3.3e-07   26.8   0.4   110   180     2    77     1    84 0.84 -
contig_12:286921-287775     -            285 4263at4891           -            571   1.4e-16   57.6  10.8   2   4   3.7e-10   1.7e-08   31.0   0.6    85   144   125   184   109   198 0.74 -
contig_12:286921-287775     -            285 4263at4891           -            571   1.4e-16   57.6  10.8   3   4     0.025       1.1    5.2   0.1   124   155   224   254   206   275 0.80 -
contig_12:286921-287775     -            285 4263at4891           -            571   1.4e-16   57.6  10.8   4   4       1.2        54   -0.4   0.0   466   497   252   283   248   284 0.84 -
contig_3:112578-113222      -            215 4263at4891           -            571   1.9e-16   57.3  13.1   1   3   9.2e-13   4.2e-11   39.6   1.1   111   205     3    96     1   101 0.80 -
contig_3:112578-113222      -            215 4263at4891           -            571   1.9e-16   57.3  13.1   2   3   2.9e-07   1.3e-05   21.5   0.5   125   180    57   118    55   124 0.83 -
contig_3:112578-113222      -            215 4263at4891           -            571   1.9e-16   57.3  13.1   3   3   5.7e-06   0.00026   17.2   0.4    85   132   166   213   147   215 0.55 -
scaffold_37:112989-114443   -            485 4263at4891           -            571   2.2e-16   57.0   7.0   1   4   8.9e-06    0.0004   16.5   0.0    89   144    86   152    78   159 0.75 -
scaffold_37:112989-114443   -            485 4263at4891           -            571   2.2e-16   57.0   7.0   2   4   0.00014    0.0063   12.6   0.0    94   182   200   293   193   297 0.86 -
scaffold_37:112989-114443   -            485 4263at4891           -            571   2.2e-16   57.0   7.0   3   4   4.3e-05    0.0019   14.3   0.2   106   147   298   339   293   350 0.87 -
scaffold_37:112989-114443   -            485 4263at4891           -            571   2.2e-16   57.0   7.0   4   4   2.1e-05   0.00094   15.3   0.3   114   143   349   378   338   386 0.85 -
contig_38:591127-593646     -            840 4263at4891           -            571   6.6e-16   55.5   5.1   1   4      0.21       9.4    2.1   0.0   110   143    14    47     8    53 0.82 -
contig_38:591127-593646     -            840 4263at4891           -            571   6.6e-16   55.5   5.1   2   4   1.9e-09   8.6e-08   28.7   0.3   107   178    73   145    67   158 0.85 -
contig_38:591127-593646     -            840 4263at4891           -            571   6.6e-16   55.5   5.1   3   4   2.1e-07   9.6e-06   21.9   0.1    93   150   159   216   148   221 0.88 -
contig_38:591127-593646     -            840 4263at4891           -            571   6.6e-16   55.5   5.1   4   4      0.26        12    1.8   0.0    94   146   336   389   323   392 0.82 -
contig_2:365661-366698      -            346 4263at4891           -            571   4.5e-14   49.4   5.1   1   4   6.6e-09     3e-07   26.9   0.1   107   162     4    59     1    61 0.95 -
contig_2:365661-366698      -            346 4263at4891           -            571   4.5e-14   49.4   5.1   2   4   1.1e-09   5.2e-08   29.4   0.6    97   150    36    89    34    93 0.95 -
contig_2:365661-366698      -            346 4263at4891           -            571   4.5e-14   49.4   5.1   3   4     0.028       1.2    5.0   0.4    84   149   166   232   144   235 0.77 -
contig_2:365661-366698      -            346 4263at4891           -            571   4.5e-14   49.4   5.1   4   4     0.064       2.9    3.8   0.0   104   144   284   324   278   327 0.89 -
contig_10:189971-190606     -            212 4263at4891           -            571   2.3e-13   47.0   0.6   1   2   5.1e-05    0.0023   14.0   0.1   122   150     9    37     5    49 0.90 -
contig_10:189971-190606     -            212 4263at4891           -            571   2.3e-13   47.0   0.6   2   2   3.5e-10   1.6e-08   31.1   0.1    84   164    77   154    59   181 0.85 -
contig_38:367040-368644     -            535 4263at4891           -            571   9.9e-13   45.0   2.8   1   2     0.045         2    4.3   0.2    96   149   245   297   223   299 0.75 -
contig_38:367040-368644     -            535 4263at4891           -            571   9.9e-13   45.0   2.8   2   2   5.7e-13   2.6e-11   40.3   0.2    93   182   339   431   333   443 0.93 -
contig_23:347088-348353     -            422 4263at4891           -            571   4.6e-12   42.8   3.7   1   4    0.0067       0.3    7.1   0.0   107   145    86   124    71   130 0.89 -
contig_23:347088-348353     -            422 4263at4891           -            571   4.6e-12   42.8   3.7   2   4     0.016      0.73    5.8   0.0    85   148   148   215   137   232 0.53 -
contig_23:347088-348353     -            422 4263at4891           -            571   4.6e-12   42.8   3.7   3   4   1.7e-05   0.00079   15.6   0.1    94   174   203   293   170   313 0.80 -
contig_23:347088-348353     -            422 4263at4891           -            571   4.6e-12   42.8   3.7   4   4     3e-06   0.00013   18.1   0.1    94   141   372   419   352   421 0.94 -
contig_2:429418-429903      -            162 4263at4891           -            571   2.5e-11   40.3   2.9   1   3       1.5        70   -0.7   0.0   109   143    14    49     9    58 0.66 -
contig_2:429418-429903      -            162 4263at4891           -            571   2.5e-11   40.3   2.9   2   3   3.5e-07   1.6e-05   21.2   0.3   106   158    59   111    41   114 0.89 -
contig_2:429418-429903      -            162 4263at4891           -            571   2.5e-11   40.3   2.9   3   3   1.9e-08   8.8e-07   25.3   0.5   106   158   101   152    99   158 0.89 -
contig_39:515880-516758     -            293 4263at4891           -            571   6.2e-11   39.1   0.5   1   3    0.0066       0.3    7.1   0.0   107   147     8    49     1    55 0.81 -
contig_39:515880-516758     -            293 4263at4891           -            571   6.2e-11   39.1   0.5   2   3    0.0037      0.17    7.9   0.1   106   150    69   111    63   112 0.85 -
contig_39:515880-516758     -            293 4263at4891           -            571   6.2e-11   39.1   0.5   3   3   4.2e-07   1.9e-05   20.9   0.0    87   149   155   215   145   228 0.66 -
contig_38:233003-233899     -            299 4263at4891           -            571     1e-10   38.3   5.8   1   3     1e-06   4.7e-05   19.6   0.0    94   164    20    90    13   102 0.89 -
contig_38:233003-233899     -            299 4263at4891           -            571     1e-10   38.3   5.8   2   3   5.1e-06   0.00023   17.3   0.2    91   150   101   161    91   167 0.86 -
contig_38:233003-233899     -            299 4263at4891           -            571     1e-10   38.3   5.8   3   3      0.13       5.9    2.8   0.0   116   148   177   209   163   213 0.85 -
contig_5:91699-92655        -            319 4263at4891           -            571   1.2e-10   38.1   1.8   1   2   3.2e-08   1.4e-06   24.6   0.6    85   144    55   116    49   125 0.84 -
contig_5:91699-92655        -            319 4263at4891           -            571   1.2e-10   38.1   1.8   2   2   0.00014    0.0062   12.6   0.0    93   145   170   224   161   235 0.83 -
contig_21:41545-42894       -            450 4263at4891           -            571   1.7e-10   37.6   7.8   1   4    0.0067       0.3    7.1   0.3    93   141   100   148    92   154 0.90 -
contig_21:41545-42894       -            450 4263at4891           -            571   1.7e-10   37.6   7.8   2   4   3.1e-08   1.4e-06   24.7   2.8    93   155   142   204   134   209 0.91 -
contig_21:41545-42894       -            450 4263at4891           -            571   1.7e-10   37.6   7.8   3   4   6.6e-05     0.003   13.7   0.2   108   181   199   277   195   286 0.80 -
contig_21:41545-42894       -            450 4263at4891           -            571   1.7e-10   37.6   7.8   4   4       3.3   1.5e+02   -1.8   0.0   111   141   333   363   319   366 0.80 -
contig_16:321291-322520     -            410 4263at4891           -            571   1.8e-10   37.5   0.9   1   2   2.8e-08   1.3e-06   24.8   0.0    85   147   132   195   127   200 0.88 -
contig_16:321291-322520     -            410 4263at4891           -            571   1.8e-10   37.5   0.9   2   2   0.00047     0.021   10.8   0.0   106   142   241   277   217   288 0.64 -
scaffold_25:192000-194354   -            785 4263at4891           -            571   2.7e-10   36.9   5.6   1   3   1.1e-06   4.8e-05   19.6   0.4    91   179    34   130    14   135 0.75 -
scaffold_25:192000-194354   -            785 4263at4891           -            571   2.7e-10   36.9   5.6   2   3     0.086       3.9    3.4   0.0   101   148   190   241   154   244 0.70 -
scaffold_25:192000-194354   -            785 4263at4891           -            571   2.7e-10   36.9   5.6   3   3   3.3e-05    0.0015   14.7   0.1   107   232   600   735   576   755 0.75 -
scaffold_25:847932-849986   -            685 4263at4891           -            571   2.9e-10   36.8   0.0   1   2   4.1e-11   1.9e-09   34.2   0.0    87   180    14   114    10   123 0.80 -
scaffold_25:847932-849986   -            685 4263at4891           -            571   2.9e-10   36.8   0.0   2   2       1.3        60   -0.5   0.0   493   522   130   159   122   168 0.86 -
contig_23:263721-264416     -            232 4263at4891           -            571     3e-10   36.8   9.1   1   2   2.5e-06   0.00011   18.4   5.3   103   155    89   143    38   151 0.72 -
contig_23:263721-264416     -            232 4263at4891           -            571     3e-10   36.8   9.1   2   2     5e-06   0.00023   17.4   0.2   121   199   149   228   143   232 0.82 -
scaffold_37:521234-522079   -            282 4263at4891           -            571   7.5e-10   35.5   3.7   1   2     1e-09   4.7e-08   29.5   0.7   112   186     1    84     1    99 0.81 -
scaffold_37:521234-522079   -            282 4263at4891           -            571   7.5e-10   35.5   3.7   2   2    0.0096      0.44    6.5   0.1    93   144   173   231   158   238 0.75 -
contig_16:521874-522839     -            322 4263at4891           -            571   5.1e-09   32.7  15.0   1   4      0.32        15    1.5   0.2   127   147    23    43     6    87 0.46 -
contig_16:521874-522839     -            322 4263at4891           -            571   5.1e-09   32.7  15.0   2   4   1.5e-08   6.9e-07   25.7   3.6    84   179    68   178    43   178 0.78 -
contig_16:521874-522839     -            322 4263at4891           -            571   5.1e-09   32.7  15.0   3   4   6.7e-07     3e-05   20.3   3.7   105   179   142   224   136   227 0.86 -
contig_16:521874-522839     -            322 4263at4891           -            571   5.1e-09   32.7  15.0   4   4       6.1   2.8e+02   -2.7   0.1   183   202   254   273   250   279 0.85 -
contig_2:476973-478817      -            615 4263at4891           -            571   1.9e-08   30.8   4.1   1   3    0.0062      0.28    7.2   0.8   113   182   205   283   194   293 0.70 -
contig_2:476973-478817      -            615 4263at4891           -            571   1.9e-08   30.8   4.1   2   3   3.3e-05    0.0015   14.6   0.1    94   182   275   366   274   377 0.82 -
contig_2:476973-478817      -            615 4263at4891           -            571   1.9e-08   30.8   4.1   3   3   0.00048     0.022   10.8   0.1    82   179   499   611   492   613 0.74 -
scaffold_25:608734-609504   -            257 4263at4891           -            571   3.9e-08   29.8   0.3   1   2   1.8e-09   8.3e-08   28.7   0.1    89   179    48   142    34   151 0.90 -
scaffold_25:608734-609504   -            257 4263at4891           -            571   3.9e-08   29.8   0.3   2   2       4.1   1.8e+02   -2.1   0.0    85   109   194   218   189   251 0.74 -
scaffold_25:786210-787250   -            347 4263at4891           -            571   5.4e-08   29.3   6.8   1   4   2.9e-05    0.0013   14.9   3.8   110   179     6    85     3    88 0.82 -
scaffold_25:786210-787250   -            347 4263at4891           -            571   5.4e-08   29.3   6.8   2   4     0.029       1.3    5.0   0.6   109   145    51    89    45   145 0.84 -
scaffold_25:786210-787250   -            347 4263at4891           -            571   5.4e-08   29.3   6.8   3   4      0.55        25    0.7   0.0   189   207   230   248   220   255 0.87 -
scaffold_25:786210-787250   -            347 4263at4891           -            571   5.4e-08   29.3   6.8   4   4   0.00029     0.013   11.5   0.1   105   146   296   337   289   343 0.86 -
contig_23:257074-258450     -            459 4263at4891           -            571   8.6e-08   28.7   9.6   1   4     8e-07   3.6e-05   20.0   0.3   122   182   112   174   102   176 0.87 -
contig_23:257074-258450     -            459 4263at4891           -            571   8.6e-08   28.7   9.6   2   4      0.12       5.5    2.9   0.0   101   142   196   236   193   244 0.76 -
contig_23:257074-258450     -            459 4263at4891           -            571   8.6e-08   28.7   9.6   3   4      0.04       1.8    4.5   0.1   107   151   281   326   273   354 0.76 -
contig_23:257074-258450     -            459 4263at4891           -            571   8.6e-08   28.7   9.6   4   4     0.029       1.3    4.9   0.2   105   149   367   412   331   458 0.70 -
scaffold_37:895800-898601   -            934 4263at4891           -            571   1.5e-07   27.8   4.2   1   3       4.3     2e+02   -2.2   0.0    85   110   215   240   152   272 0.63 -
scaffold_37:895800-898601   -            934 4263at4891           -            571   1.5e-07   27.8   4.2   2   3    0.0066       0.3    7.1   0.0    93   149   477   533   469   536 0.93 -
scaffold_37:895800-898601   -            934 4263at4891           -            571   1.5e-07   27.8   4.2   3   3   5.4e-07   2.5e-05   20.6   0.2   126   180   551   609   539   622 0.81 -
contig_16:812612-816037     -           1142 4263at4891           -            571   2.7e-06   23.7   2.0   1   2    0.0029      0.13    8.3   0.1    93   144    87   142    77   153 0.81 -
contig_16:812612-816037     -           1142 4263at4891           -            571   2.7e-06   23.7   2.0   2   2   3.4e-05    0.0016   14.6   0.2    86   146   169   231   159   248 0.82 -
contig_2:554403-556736      -            778 4263at4891           -            571   2.9e-06   23.6   0.5   1   3   0.00012    0.0053   12.9   0.0   110   148   405   443   399   447 0.92 -
contig_2:554403-556736      -            778 4263at4891           -            571   2.9e-06   23.6   0.5   2   3     0.034       1.5    4.7   0.0    93   149   590   645   566   653 0.88 -
contig_2:554403-556736      -            778 4263at4891           -            571   2.9e-06   23.6   0.5   3   3      0.22        10    2.0   0.2   108   179   689   777   668   778 0.58 -
scaffold_37:946549-948501   -            651 4263at4891           -            571   5.1e-06   22.8   0.0   1   3     0.036       1.6    4.6   0.0   109   145    77   114    55   120 0.85 -
scaffold_37:946549-948501   -            651 4263at4891           -            571   5.1e-06   22.8   0.0   2   3   0.00032     0.014   11.4   0.0   124   181   152   212   131   214 0.74 -
scaffold_37:946549-948501   -            651 4263at4891           -            571   5.1e-06   22.8   0.0   3   3     3e-05    0.0013   14.8   0.0    94   155   164   224   151   234 0.88 -
scaffold_25:808996-809838   -            281 4263at4891           -            571   6.8e-06   22.4   6.7   1   3     0.077       3.5    3.5   1.0    96   165     5    75     2    80 0.84 -
scaffold_25:808996-809838   -            281 4263at4891           -            571   6.8e-06   22.4   6.7   2   3   3.1e-05    0.0014   14.8   0.6    83   163    75   156    69   179 0.87 -
scaffold_25:808996-809838   -            281 4263at4891           -            571   6.8e-06   22.4   6.7   3   3     0.006      0.27    7.2   0.0    77   142   209   275   162   280 0.84 -
contig_2:837541-838920      -            460 4263at4891           -            571   9.3e-06   22.0   0.2   1   4       3.1   1.4e+02   -1.8   0.0   506   520    30    44    14    50 0.53 -
contig_2:837541-838920      -            460 4263at4891           -            571   9.3e-06   22.0   0.2   2   4    0.0041      0.18    7.8   0.0   104   144    62   102    54   114 0.87 -
contig_2:837541-838920      -            460 4263at4891           -            571   9.3e-06   22.0   0.2   3   4    0.0016     0.071    9.1   0.1   115   175   147   211   142   216 0.65 -
contig_2:837541-838920      -            460 4263at4891           -            571   9.3e-06   22.0   0.2   4   4      0.16       7.4    2.5   0.0   111   142   185   216   181   228 0.87 -
contig_12:202765-203859     -            365 4263at4891           -            571   1.1e-05   21.7   0.3   1   1     1e-06   4.5e-05   19.7   0.3    93   182    59   156    26   166 0.79 -
contig_3:191492-192466      -            325 4263at4891           -            571   1.2e-05   21.6   1.3   1   2       4.4     2e+02   -2.3   0.4   268   314    76   122    71   127 0.75 -
contig_3:191492-192466      -            325 4263at4891           -            571   1.2e-05   21.6   1.3   2   2   2.9e-07   1.3e-05   21.5   0.0    94   164   223   296   215   314 0.85 -
contig_5:811454-813172      -            573 4263at4891           -            571   3.3e-05   20.1   0.8   1   4   0.00052     0.024   10.7   0.0   103   144   226   267   221   274 0.88 -
contig_5:811454-813172      -            573 4263at4891           -            571   3.3e-05   20.1   0.8   2   4      0.02      0.89    5.5   0.0   109   180   276   351   269   354 0.73 -
contig_5:811454-813172      -            573 4263at4891           -            571   3.3e-05   20.1   0.8   3   4       1.1        48   -0.2   0.0   113   148   399   433   393   441 0.71 -
contig_5:811454-813172      -            573 4263at4891           -            571   3.3e-05   20.1   0.8   4   4       6.4   2.9e+02   -2.8   0.0   167   189   488   511   476   542 0.51 -
scaffold_25:607239-607949   -            237 4263at4891           -            571   5.1e-05   19.5   1.2   1   3      0.24        11    1.9   0.1   137   170    21    54     8    68 0.77 -
scaffold_25:607239-607949   -            237 4263at4891           -            571   5.1e-05   19.5   1.2   2   3     0.013      0.61    6.0   0.0    88   149    97   161    89   185 0.82 -
scaffold_25:607239-607949   -            237 4263at4891           -            571   5.1e-05   19.5   1.2   3   3    0.0016     0.071    9.1   0.0    95   140   192   237   178   237 0.91 -
contig_2:474898-476436      -            513 4263at4891           -            571   0.00012   18.2   0.2   1   2   1.9e-05   0.00085   15.5   0.1    63   145    72   157    51   177 0.78 -
contig_2:474898-476436      -            513 4263at4891           -            571   0.00012   18.2   0.2   2   2      0.85        38    0.1   0.0    94   152   233   296   202   302 0.72 -
contig_16:408676-410931     -            752 4263at4891           -            571   0.00019   17.6   8.9   1   4      0.78        35    0.2   0.0   139   197    14    73     4    82 0.77 -
contig_16:408676-410931     -            752 4263at4891           -            571   0.00019   17.6   8.9   2   4     0.041       1.9    4.4   0.5    95   180    99   191    91   194 0.80 -
contig_16:408676-410931     -            752 4263at4891           -            571   0.00019   17.6   8.9   3   4   5.4e-05    0.0024   14.0   0.1    68   146   210   289   198   301 0.82 -
contig_16:408676-410931     -            752 4263at4891           -            571   0.00019   17.6   8.9   4   4       1.3        58   -0.5   0.0   466   500   350   384   332   414 0.65 -
contig_12:251348-252982     -            545 4263at4891           -            571   0.00039   16.6   0.0   1   1   1.3e-05   0.00061   15.9   0.0    93   149   246   302   236   305 0.91 -
contig_38:204902-205720     -            273 4263at4891           -            571   0.00043   16.4   2.8   1   3      0.21       9.6    2.1   0.0   451   473    70    92    63   130 0.69 -
contig_38:204902-205720     -            273 4263at4891           -            571   0.00043   16.4   2.8   2   3     0.011      0.51    6.3   0.1    87   146   124   186   117   205 0.73 -
contig_38:204902-205720     -            273 4263at4891           -            571   0.00043   16.4   2.8   3   3   0.00045      0.02   10.9   1.3    94   179   176   269   162   271 0.77 -
contig_38:123926-125065     -            380 4263at4891           -            571   0.00075   15.7   0.1   1   1   3.3e-05    0.0015   14.7   0.1    65   141     8    86     4    94 0.86 -
scaffold_37:505630-507351   -            574 4263at4891           -            571   0.00093   15.3   1.3   1   2   0.00076     0.034   10.2   1.0   102   149   275   323   270   456 0.74 -
scaffold_37:505630-507351   -            574 4263at4891           -            571   0.00093   15.3   1.3   2   2      0.87        39    0.1   0.0   400   433   415   453   411   482 0.76 -
contig_4:63823-65097        -            425 4263at4891           -            571    0.0011   15.1   5.5   1   3    0.0001    0.0047   13.0   0.0   109   163    68   122    37   126 0.82 -
contig_4:63823-65097        -            425 4263at4891           -            571    0.0011   15.1   5.5   2   3      0.23        10    2.0   0.3    99   144   200   245   180   253 0.82 -
contig_4:63823-65097        -            425 4263at4891           -            571    0.0011   15.1   5.5   3   3      0.46        21    1.0   0.4    60   130   258   329   249   342 0.77 -
contig_7:53321-55489        -            723 4263at4891           -            571    0.0019   14.3   1.5   1   2      0.65        30    0.5   0.0    96   145   332   382   305   386 0.80 -
contig_7:53321-55489        -            723 4263at4891           -            571    0.0019   14.3   1.5   2   2   0.00056     0.026   10.6   0.7    95   156   618   681   605   723 0.73 -
contig_39:411282-412259     -            326 4263at4891           -            571    0.0026   13.9   0.0   1   2       0.4        18    1.2   0.0   110   150    21    61     8    85 0.78 -
contig_39:411282-412259     -            326 4263at4891           -            571    0.0026   13.9   0.0   2   2   0.00075     0.034   10.2   0.0    98   144    95   141    77   147 0.86 -
contig_2:458659-459603      -            315 4263at4891           -            571    0.0043   13.2   2.5   1   3       6.8   3.1e+02   -2.9   0.0   191   204     2    15     1    18 0.66 -
contig_2:458659-459603      -            315 4263at4891           -            571    0.0043   13.2   2.5   2   3    0.0067       0.3    7.0   0.2   109   179    87   160    79   163 0.78 -
contig_2:458659-459603      -            315 4263at4891           -            571    0.0043   13.2   2.5   3   3     0.016      0.74    5.8   0.0   117   153   247   282   229   298 0.84 -
scaffold_25:1015518-1016705 -            396 4263at4891           -            571      0.02   11.0   4.1   1   3    0.0032      0.14    8.1   0.2   109   143    12    44     6    75 0.78 -
scaffold_25:1015518-1016705 -            396 4263at4891           -            571      0.02   11.0   4.1   2   3      0.44        20    1.0   0.4   105   181   225   321   191   322 0.59 -
scaffold_25:1015518-1016705 -            396 4263at4891           -            571      0.02   11.0   4.1   3   3       0.1       4.6    3.1   0.2   110   154   288   332   271   336 0.81 -
#
# Program:         hmmsearch
# Version:         3.1b2 (February 2015)
# Pipeline mode:   SEARCH
# Query file:      /home/inf-52-2022/De_novo_assembly/06_Busco/busco_downloads/lineages/saccharomycetes_odb10/hmms/4263at4891.hmm
# Target file:     /home/inf-52-2022/De_novo_assembly/06_Busco/output/flye.assembly.fasta/run_saccharomycetes_odb10/metaeuk_output/initial_results/flye.assembly.fasta.modified.fas
# Option settings: hmmsearch --domtblout /home/inf-52-2022/De_novo_assembly/06_Busco/output/flye.assembly.fasta/run_saccharomycetes_odb10/hmmer_output/initial_run_results/4263at4891.out --cpu 1 /home/inf-52-2022/De_novo_assembly/06_Busco/busco_downloads/lineages/saccharomycetes_odb10/hmms/4263at4891.hmm /home/inf-52-2022/De_novo_assembly/06_Busco/output/flye.assembly.fasta/run_saccharomycetes_odb10/metaeuk_output/initial_results/flye.assembly.fasta.modified.fas 
# Current dir:     /home/inf-52-2022/De_novo_assembly/06_Busco
# Date:            Fri Feb 24 09:20:57 2023
# [ok]
