#                                                                               --- full sequence --- -------------- this domain -------------   hmm coord   ali coord   env coord
# target name           accession   tlen query name           accession   qlen   E-value  score  bias   #  of  c-Evalue  i-Evalue  score  bias  from    to  from    to  from    to  acc description of target
#   ------------------- ---------- ----- -------------------- ---------- ----- --------- ------ ----- --- --- --------- --------- ------ ----- ----- ----- ----- ----- ----- ----- ---- ---------------------
contig_21:29659-32217   -            853 4281at4891           -            524  1.2e-249  826.6  22.2   1   3     9e-50   4.8e-47  158.0   2.8     1   135    16   176    16   181 0.84 -
contig_21:29659-32217   -            853 4281at4891           -            524  1.2e-249  826.6  22.2   2   3  5.4e-204  2.9e-201  666.9   3.3   132   500   196   603   187   619 0.91 -
contig_21:29659-32217   -            853 4281at4891           -            524  1.2e-249  826.6  22.2   3   3   9.5e-06    0.0051   12.8   1.3   493   520   639   672   609   676 0.75 -
contig_39:41724-43568   -            615 4281at4891           -            524   5.2e-59  197.5   5.3   1   1   2.1e-61   1.1e-58  196.4   5.3    55   480    50   510    44   515 0.80 -
contig_21:423651-424832 -            394 4281at4891           -            524   1.5e-43  146.5   7.8   1   1   1.4e-45   7.4e-43  144.2   7.8   119   472     5   387     2   392 0.82 -
contig_23:558802-560334 -            511 4281at4891           -            524   3.1e-41  138.9  11.2   1   1   2.6e-43   1.4e-40  136.7  11.2   118   473   104   488    94   510 0.77 -
contig_13:341790-343049 -            420 4281at4891           -            524   5.2e-14   49.0   3.3   1   1   7.6e-16   4.1e-13   46.1   3.3   124   393   107   382    73   399 0.70 -
#
# Program:         hmmsearch
# Version:         3.1b2 (February 2015)
# Pipeline mode:   SEARCH
# Query file:      /home/inf-52-2022/De_novo_assembly/06_Busco/busco_downloads/lineages/saccharomycetes_odb10/hmms/4281at4891.hmm
# Target file:     /home/inf-52-2022/De_novo_assembly/06_Busco/output/flye.assembly.fasta/run_saccharomycetes_odb10/metaeuk_output/initial_results/flye.assembly.fasta.modified.fas
# Option settings: hmmsearch --domtblout /home/inf-52-2022/De_novo_assembly/06_Busco/output/flye.assembly.fasta/run_saccharomycetes_odb10/hmmer_output/initial_run_results/4281at4891.out --cpu 1 /home/inf-52-2022/De_novo_assembly/06_Busco/busco_downloads/lineages/saccharomycetes_odb10/hmms/4281at4891.hmm /home/inf-52-2022/De_novo_assembly/06_Busco/output/flye.assembly.fasta/run_saccharomycetes_odb10/metaeuk_output/initial_results/flye.assembly.fasta.modified.fas 
# Current dir:     /home/inf-52-2022/De_novo_assembly/06_Busco
# Date:            Fri Feb 24 09:20:56 2023
# [ok]
