#                                                                                   --- full sequence --- -------------- this domain -------------   hmm coord   ali coord   env coord
# target name               accession   tlen query name           accession   qlen   E-value  score  bias   #  of  c-Evalue  i-Evalue  score  bias  from    to  from    to  from    to  acc description of target
#       ------------------- ---------- ----- -------------------- ---------- ----- --------- ------ ----- --- --- --------- --------- ------ ----- ----- ----- ----- ----- ----- ----- ---- ---------------------
contig_2:476973-478817      -            615 7896at4891           -            419  2.8e-150  498.0  10.3   1   2  3.1e-107  1.6e-105  350.6   6.4     1   296    12   398    12   480 0.85 -
contig_2:476973-478817      -            615 7896at4891           -            419  2.8e-150  498.0  10.3   2   2   2.8e-45   1.4e-43  146.6   0.1   308   419   480   610   470   610 0.85 -
contig_7:255115-256113      -            333 7896at4891           -            419   6.6e-17   58.7  12.1   1   5    0.0016      0.08    9.0   0.0   320   375     9    64     3    68 0.78 -
contig_7:255115-256113      -            333 7896at4891           -            419   6.6e-17   58.7  12.1   2   5   2.7e-06   0.00014   18.1   0.6   330   410    69   148    61   154 0.89 -
contig_7:255115-256113      -            333 7896at4891           -            419   6.6e-17   58.7  12.1   3   5     0.018      0.88    5.6   0.0   360   409   180   229   177   229 0.91 -
contig_7:255115-256113      -            333 7896at4891           -            419   6.6e-17   58.7  12.1   4   5   1.5e-11   7.4e-10   35.5   0.7   153   218   220   294   191   310 0.84 -
contig_7:255115-256113      -            333 7896at4891           -            419   6.6e-17   58.7  12.1   5   5      0.57        28    0.6   0.1    77    96   306   325   299   331 0.78 -
contig_7:234712-237465      -            918 7896at4891           -            419   3.6e-16   56.3   5.2   1   7      0.01      0.52    6.3   0.0   134   180    71   123    51   132 0.66 -
contig_7:234712-237465      -            918 7896at4891           -            419   3.6e-16   56.3   5.2   2   7    0.0001     0.005   13.0   0.2   314   410    95   201    90   218 0.62 -
contig_7:234712-237465      -            918 7896at4891           -            419   3.6e-16   56.3   5.2   3   7    0.0077      0.38    6.8   0.0   312   394   257   340   205   351 0.74 -
contig_7:234712-237465      -            918 7896at4891           -            419   3.6e-16   56.3   5.2   4   7    0.0031      0.15    8.1   0.1   316   389   303   377   295   394 0.58 -
contig_7:234712-237465      -            918 7896at4891           -            419   3.6e-16   56.3   5.2   5   7   1.8e-09     9e-08   28.6   0.3   157   348   349   548   342   554 0.77 -
contig_7:234712-237465      -            918 7896at4891           -            419   3.6e-16   56.3   5.2   6   7      0.46        23    0.9   0.0   153   183   577   608   568   623 0.79 -
contig_7:234712-237465      -            918 7896at4891           -            419   3.6e-16   56.3   5.2   7   7       7.7   3.8e+02   -3.1   0.0   318   385   681   705   672   710 0.52 -
contig_7:232674-237465      -           1413 7896at4891           -            419   3.9e-15   52.8   4.6   1   3   3.2e-06   0.00016   17.9   0.2   148   365    91   309    50   348 0.59 -
contig_7:232674-237465      -           1413 7896at4891           -            419   3.9e-15   52.8   4.6   2   3   3.8e-09   1.9e-07   27.5   0.3   157   348   349   548   344   553 0.76 -
contig_7:232674-237465      -           1413 7896at4891           -            419   3.9e-15   52.8   4.6   3   3      0.77        38    0.2   0.0   153   182   577   607   568   622 0.79 -
scaffold_37:379326-382154   -            943 7896at4891           -            419   1.9e-13   47.3   8.4   1   6   4.6e-06   0.00023   17.4   0.1   316   419    80   189    74   189 0.83 -
scaffold_37:379326-382154   -            943 7896at4891           -            419   1.9e-13   47.3   8.4   2   6     0.017      0.83    5.6   0.2   201   258   177   235   171   270 0.60 -
scaffold_37:379326-382154   -            943 7896at4891           -            419   1.9e-13   47.3   8.4   3   6      0.17       8.6    2.3   0.0   307   348   383   423   338   433 0.67 -
scaffold_37:379326-382154   -            943 7896at4891           -            419   1.9e-13   47.3   8.4   4   6    0.0012     0.057    9.5   0.0   157   240   434   527   386   533 0.70 -
scaffold_37:379326-382154   -            943 7896at4891           -            419   1.9e-13   47.3   8.4   5   6   2.3e-05    0.0011   15.1   0.0   314   419   530   642   517   642 0.84 -
scaffold_37:379326-382154   -            943 7896at4891           -            419   1.9e-13   47.3   8.4   6   6     0.024       1.2    5.1   0.1   159   253   621   685   617   693 0.43 -
contig_12:286921-287775     -            285 7896at4891           -            419   2.3e-12   43.7   4.2   1   4   3.1e-08   1.5e-06   24.5   0.8   156   280     8   141     4   149 0.78 -
contig_12:286921-287775     -            285 7896at4891           -            419   2.3e-12   43.7   4.2   2   4    0.0011     0.054    9.6   0.6   357   419   112   180   109   180 0.71 -
contig_12:286921-287775     -            285 7896at4891           -            419   2.3e-12   43.7   4.2   3   4     0.024       1.2    5.2   0.0   357   392   152   188   149   204 0.76 -
contig_12:286921-287775     -            285 7896at4891           -            419   2.3e-12   43.7   4.2   4   4   0.00017    0.0084   12.2   0.0   199   255   226   283   216   285 0.74 -
contig_39:404518-405741     -            408 7896at4891           -            419   1.1e-11   41.5   0.2   1   3   0.00069     0.034   10.2   0.0   368   410    55    96    40   108 0.81 -
contig_39:404518-405741     -            408 7896at4891           -            419   1.1e-11   41.5   0.2   2   3   2.1e-05    0.0011   15.2   0.0   110   168   134   193   126   227 0.85 -
contig_39:404518-405741     -            408 7896at4891           -            419   1.1e-11   41.5   0.2   3   3   0.00043     0.021   10.9   0.0   153   192   294   336   286   361 0.85 -
contig_39:39138-41282       -            715 7896at4891           -            419   2.1e-11   40.5   6.1   1   3       1.1        55   -0.4   0.0   230   253    17    40     5    55 0.70 -
contig_39:39138-41282       -            715 7896at4891           -            419   2.1e-11   40.5   6.1   2   3   4.3e-08   2.2e-06   24.1   1.1   199   255   151   208   101   215 0.73 -
contig_39:39138-41282       -            715 7896at4891           -            419   2.1e-11   40.5   6.1   3   3   1.1e-05   0.00055   16.1   0.1   153   218   220   292   216   318 0.84 -
contig_21:620883-621794     -            304 7896at4891           -            419   6.8e-11   38.9   4.1   1   4   2.7e-06   0.00013   18.1   0.2   282   419     4   144     2   144 0.70 -
contig_21:620883-621794     -            304 7896at4891           -            419   6.8e-11   38.9   4.1   2   4      0.36        18    1.3   0.0    52    67   131   146   116   154 0.75 -
contig_21:620883-621794     -            304 7896at4891           -            419   6.8e-11   38.9   4.1   3   4   0.00027     0.013   11.5   0.3   318   403   163   254   150   261 0.81 -
contig_21:620883-621794     -            304 7896at4891           -            419   6.8e-11   38.9   4.1   4   4    0.0032      0.16    8.0   0.0   154   192   252   291   250   300 0.76 -
contig_5:895499-896887      -            463 7896at4891           -            419   2.7e-10   36.9   2.8   1   2   5.7e-06   0.00028   17.1   0.0   315   379   174   240   157   270 0.84 -
contig_5:895499-896887      -            463 7896at4891           -            419   2.7e-10   36.9   2.8   2   2     8e-06    0.0004   16.6   1.3    44   213   269   463   260   463 0.64 -
contig_38:591127-593646     -            840 7896at4891           -            419   7.6e-10   35.4   1.4   1   5      0.56        28    0.6   0.0   322   387    24    47    12    56 0.57 -
contig_38:591127-593646     -            840 7896at4891           -            419   7.6e-10   35.4   1.4   2   5    0.0052      0.26    7.3   0.0    38    70    78   111    72   117 0.78 -
contig_38:591127-593646     -            840 7896at4891           -            419   7.6e-10   35.4   1.4   3   5   3.4e-06   0.00017   17.8   0.2   153   218   137   211   133   222 0.79 -
contig_38:591127-593646     -            840 7896at4891           -            419   7.6e-10   35.4   1.4   4   5       1.3        67   -0.6   0.0   360   390   316   346   313   353 0.78 -
contig_38:591127-593646     -            840 7896at4891           -            419   7.6e-10   35.4   1.4   5   5      0.13       6.7    2.7   0.0   359   387   357   386   350   394 0.72 -
contig_7:274712-275404      -            231 7896at4891           -            419   1.3e-09   34.6   0.6   1   3   5.3e-06   0.00026   17.2   0.0   156   232     1    86     1    90 0.78 -
contig_7:274712-275404      -            231 7896at4891           -            419   1.3e-09   34.6   0.6   2   3    0.0012     0.061    9.4   0.2   156   218    84   163    78   171 0.59 -
contig_7:274712-275404      -            231 7896at4891           -            419   1.3e-09   34.6   0.6   3   3     0.046       2.3    4.2   0.0   154   192   186   225   179   230 0.67 -
scaffold_37:112989-114443   -            485 7896at4891           -            419   1.9e-09   34.1   3.1   1   4       0.3        15    1.5   0.0   199   221    81   103    67   121 0.72 -
scaffold_37:112989-114443   -            485 7896at4891           -            419   1.9e-09   34.1   3.1   2   4      0.83        41    0.1   0.0   200   259   135   190   131   222 0.63 -
scaffold_37:112989-114443   -            485 7896at4891           -            419   1.9e-09   34.1   3.1   3   4   1.3e-06   6.7e-05   19.1   0.1   156   261   222   342   216   345 0.80 -
scaffold_37:112989-114443   -            485 7896at4891           -            419   1.9e-09   34.1   3.1   4   4   0.00046     0.023   10.8   0.2    35    69   344   379   324   385 0.76 -
contig_13:253502-254320     -            273 7896at4891           -            419   2.1e-09   34.0   1.7   1   3   2.7e-05    0.0014   14.8   0.5   173   256     5    95     1    99 0.71 -
contig_13:253502-254320     -            273 7896at4891           -            419   2.1e-09   34.0   1.7   2   3   2.4e-05    0.0012   15.0   0.6   163   254    35   134    27   140 0.68 -
contig_13:253502-254320     -            273 7896at4891           -            419   2.1e-09   34.0   1.7   3   3   7.3e-05    0.0036   13.4   0.0   165   217   207   265   190   273 0.74 -
scaffold_37:895800-898601   -            934 7896at4891           -            419   2.5e-09   33.7   0.8   1   4   0.00037     0.018   11.1   0.0   318   406   204   293    44   317 0.80 -
scaffold_37:895800-898601   -            934 7896at4891           -            419   2.5e-09   33.7   0.8   2   4     0.002     0.097    8.7   0.0   320   390   460   530   449   540 0.87 -
scaffold_37:895800-898601   -            934 7896at4891           -            419   2.5e-09   33.7   0.8   3   4     0.006       0.3    7.1   0.1   317   382   540   605   530   612 0.79 -
scaffold_37:895800-898601   -            934 7896at4891           -            419   2.5e-09   33.7   0.8   4   4      0.25        13    1.8   0.0   318   351   624   657   615   692 0.59 -
scaffold_25:808996-809838   -            281 7896at4891           -            419   4.5e-09   32.9   3.2   1   3   0.00012    0.0058   12.7   0.2   315   403    22   109     8   113 0.78 -
scaffold_25:808996-809838   -            281 7896at4891           -            419   4.5e-09   32.9   3.2   2   3   7.5e-06   0.00037   16.7   0.2   323   384    71   133    65   133 0.90 -
scaffold_25:808996-809838   -            281 7896at4891           -            419   4.5e-09   32.9   3.2   3   3   1.4e-05   0.00069   15.8   0.2    48   120   116   194   111   273 0.85 -
contig_2:365661-366698      -            346 7896at4891           -            419   6.8e-09   32.3   5.0   1   4   0.00013    0.0064   12.6   0.3   156   223    13    91     9    99 0.78 -
contig_2:365661-366698      -            346 7896at4891           -            419   6.8e-09   32.3   5.0   2   4      0.37        18    1.2   0.0   380   415   121   156   119   161 0.90 -
contig_2:365661-366698      -            346 7896at4891           -            419   6.8e-09   32.3   5.0   3   4   1.8e-06     9e-05   18.7   0.5   318   394   156   232   145   246 0.86 -
contig_2:365661-366698      -            346 7896at4891           -            419   6.8e-09   32.3   5.0   4   4       2.2   1.1e+02   -1.3   0.0   112   327   286   305   275   335 0.60 -
contig_4:63823-65097        -            425 7896at4891           -            419   1.3e-08   31.4   0.0   1   2   8.5e-09   4.2e-07   26.4   0.0   315   395    26   110     4   115 0.83 -
contig_4:63823-65097        -            425 7896at4891           -            419   1.3e-08   31.4   0.0   2   2      0.68        34    0.3   0.1    57    93   289   330   265   341 0.62 -
contig_3:112578-113222      -            215 7896at4891           -            419   1.5e-08   31.2   3.8   1   2   1.7e-07   8.5e-06   22.1   0.9   156   254     9   118     4   125 0.74 -
contig_3:112578-113222      -            215 7896at4891           -            419   1.5e-08   31.2   3.8   2   2    0.0022      0.11    8.5   0.1   369   410   164   204   150   212 0.76 -
scaffold_37:540983-543430   -            816 7896at4891           -            419   1.6e-08   31.1   8.9   1   5     0.024       1.2    5.1   0.0   321   388    67   133    55   159 0.50 -
scaffold_37:540983-543430   -            816 7896at4891           -            419   1.6e-08   31.1   8.9   2   5     0.051       2.6    4.0   0.0    53    67   163   177   156   184 0.87 -
scaffold_37:540983-543430   -            816 7896at4891           -            419   1.6e-08   31.1   8.9   3   5       1.4        71   -0.7   0.1   201   228   403   430   381   483 0.67 -
scaffold_37:540983-543430   -            816 7896at4891           -            419   1.6e-08   31.1   8.9   4   5   1.7e-06   8.3e-05   18.8   0.9   306   419   482   602   453   602 0.78 -
scaffold_37:540983-543430   -            816 7896at4891           -            419   1.6e-08   31.1   8.9   5   5   0.00022     0.011   11.8   0.1   154   230   576   652   574   681 0.78 -
contig_38:233003-233899     -            299 7896at4891           -            419   7.1e-08   28.9   0.3   1   4   1.9e-05   0.00093   15.4   0.0   319   381     2    64     1    72 0.85 -
contig_38:233003-233899     -            299 7896at4891           -            419   7.1e-08   28.9   0.3   2   4    0.0044      0.22    7.6   0.1   200   255    95   154    79   164 0.71 -
contig_38:233003-233899     -            299 7896at4891           -            419   7.1e-08   28.9   0.3   3   4      0.61        30    0.5   0.0   305   344   164   203   154   212 0.68 -
contig_38:233003-233899     -            299 7896at4891           -            419   7.1e-08   28.9   0.3   4   4       1.1        52   -0.3   0.0    52    77   240   267   207   272 0.75 -
contig_23:257074-258450     -            459 7896at4891           -            419   7.2e-08   28.9   3.3   1   5      0.01       0.5    6.4   0.0   101   143   125   168   109   174 0.68 -
contig_23:257074-258450     -            459 7896at4891           -            419   7.2e-08   28.9   3.3   2   5     0.028       1.4    4.9   0.0   156   186   147   177   140   186 0.88 -
contig_23:257074-258450     -            459 7896at4891           -            419   7.2e-08   28.9   3.3   3   5   0.00078     0.039   10.0   0.0   106   263   195   355   184   384 0.78 -
contig_23:257074-258450     -            459 7896at4891           -            419   7.2e-08   28.9   3.3   4   5    0.0029      0.15    8.1   0.1    51    70   388   408   360   420 0.73 -
contig_23:257074-258450     -            459 7896at4891           -            419   7.2e-08   28.9   3.3   5   5      0.47        23    0.9   0.0   156   178   429   451   424   457 0.53 -
contig_21:41545-42894       -            450 7896at4891           -            419   1.1e-07   28.3   1.9   1   2   4.4e-05    0.0022   14.1   0.5   308   409    71   171    57   173 0.81 -
contig_21:41545-42894       -            450 7896at4891           -            419   1.1e-07   28.3   1.9   2   2   0.00023     0.012   11.8   0.0   153   261   162   283   159   317 0.70 -
contig_16:408676-410931     -            752 7896at4891           -            419   1.1e-07   28.3   1.6   1   4      0.46        23    0.9   0.0    36    71    25    61    14    97 0.74 -
contig_16:408676-410931     -            752 7896at4891           -            419   1.1e-07   28.3   1.6   2   4   0.00023     0.011   11.8   0.0   321   393   123   198   113   214 0.78 -
contig_16:408676-410931     -            752 7896at4891           -            419   1.1e-07   28.3   1.6   3   4   0.00065     0.032   10.3   0.3   324   396   223   297   202   326 0.72 -
contig_16:408676-410931     -            752 7896at4891           -            419   1.1e-07   28.3   1.6   4   4       5.3   2.6e+02   -2.6   0.0   151   180   541   571   535   581 0.72 -
contig_16:321291-322520     -            410 7896at4891           -            419   2.9e-07   26.9   0.1   1   4     0.032       1.6    4.7   0.0    40    74   115   154    90   158 0.76 -
contig_16:321291-322520     -            410 7896at4891           -            419   2.9e-07   26.9   0.1   2   4     0.046       2.3    4.2   0.0   153   189   161   198   156   204 0.85 -
contig_16:321291-322520     -            410 7896at4891           -            419   2.9e-07   26.9   0.1   3   4     0.038       1.9    4.5   0.0   194   259   251   325   202   341 0.60 -
contig_16:321291-322520     -            410 7896at4891           -            419   2.9e-07   26.9   0.1   4   4    0.0011     0.055    9.5   0.0    28    94   322   401   309   407 0.62 -
scaffold_37:521234-522079   -            282 7896at4891           -            419   3.8e-07   26.5   1.2   1   4      0.32        16    1.4   0.0   201   221    17    37    10    51 0.80 -
scaffold_37:521234-522079   -            282 7896at4891           -            419   3.8e-07   26.5   1.2   2   4    0.0005     0.025   10.7   0.1   329   405    62   143    56   150 0.79 -
scaffold_37:521234-522079   -            282 7896at4891           -            419   3.8e-07   26.5   1.2   3   4    0.0097      0.48    6.4   0.0   200   225   165   190   161   195 0.89 -
scaffold_37:521234-522079   -            282 7896at4891           -            419   3.8e-07   26.5   1.2   4   4     0.088       4.4    3.3   0.0   154   188   198   238   195   278 0.74 -
contig_38:367040-368644     -            535 7896at4891           -            419   8.4e-07   25.4   2.8   1   4   0.00064     0.032   10.3   0.1   313   386   218   290   177   311 0.80 -
contig_38:367040-368644     -            535 7896at4891           -            419   8.4e-07   25.4   2.8   2   4      0.13       6.6    2.7   0.0   362   419   322   386   289   386 0.75 -
contig_38:367040-368644     -            535 7896at4891           -            419   8.4e-07   25.4   2.8   3   4   0.00033     0.016   11.3   0.1   203   388   376   431   361   442 0.53 -
contig_38:367040-368644     -            535 7896at4891           -            419   8.4e-07   25.4   2.8   4   4       1.8        88   -1.0   0.0   322   348   449   475   437   482 0.84 -
contig_5:275242-276576      -            445 7896at4891           -            419   1.3e-06   24.8   2.5   1   3       0.6        30    0.5   0.0   200   217   148   165   139   177 0.79 -
contig_5:275242-276576      -            445 7896at4891           -            419   1.3e-06   24.8   2.5   2   3   7.5e-07   3.7e-05   20.0   0.1   155   256   178   291   174   301 0.81 -
contig_5:275242-276576      -            445 7896at4891           -            419   1.3e-06   24.8   2.5   3   3         1        52   -0.3   0.0   200   220   407   427   391   430 0.83 -
contig_16:1307269-1310865   -           1199 7896at4891           -            419   1.5e-06   24.6   1.8   1   5     0.014       0.7    5.9   0.0   317   419    13   122     4   122 0.74 -
contig_16:1307269-1310865   -           1199 7896at4891           -            419   1.5e-06   24.6   1.8   2   5   1.6e-05   0.00081   15.6   0.0   156   261    56   173    47   192 0.76 -
contig_16:1307269-1310865   -           1199 7896at4891           -            419   1.5e-06   24.6   1.8   3   5      0.12       6.2    2.8   0.0   153   253   253   281   186   290 0.51 -
contig_16:1307269-1310865   -           1199 7896at4891           -            419   1.5e-06   24.6   1.8   4   5      0.19       9.5    2.2   0.0   154   188   254   289   249   351 0.79 -
contig_16:1307269-1310865   -           1199 7896at4891           -            419   1.5e-06   24.6   1.8   5   5      0.34        17    1.3   0.2   291   377   467   550   418   576 0.64 -
contig_38:197829-200219     -            797 7896at4891           -            419   1.9e-06   24.2   1.4   1   1   2.6e-06   0.00013   18.2   1.4    41   220   527   728   520   736 0.79 -
contig_23:347088-348353     -            422 7896at4891           -            419   2.5e-06   23.9   4.1   1   3   6.4e-06   0.00032   16.9   0.4   275   397    88   219    85   231 0.69 -
contig_23:347088-348353     -            422 7896at4891           -            419   2.5e-06   23.9   4.1   2   3      0.16         8    2.4   0.0    47    73   279   305   253   313 0.77 -
contig_23:347088-348353     -            422 7896at4891           -            419   2.5e-06   23.9   4.1   3   3      0.65        32    0.4   0.0   169   193   366   390   345   420 0.50 -
contig_12:202765-203859     -            365 7896at4891           -            419   3.3e-06   23.4   0.3   1   3   0.00014     0.007   12.5   0.0   313   388    34   111    16   134 0.77 -
contig_12:202765-203859     -            365 7896at4891           -            419   3.3e-06   23.4   0.3   2   3   7.4e-06   0.00037   16.7   0.2   199   348    50   206    49   215 0.74 -
contig_12:202765-203859     -            365 7896at4891           -            419   3.3e-06   23.4   0.3   3   3       1.5        75   -0.8   0.0   199   218   282   301   268   328 0.78 -
contig_16:1328962-1330527   -            522 7896at4891           -            419   5.9e-06   22.6   0.1   1   5      0.29        14    1.6   0.0    51    70   200   219   173   225 0.60 -
contig_16:1328962-1330527   -            522 7896at4891           -            419   5.9e-06   22.6   0.1   2   5       1.7        86   -1.0   0.0   262   282   254   274   247   297 0.73 -
contig_16:1328962-1330527   -            522 7896at4891           -            419   5.9e-06   22.6   0.1   3   5       0.8        40    0.1   0.0   199   223   347   373   334   394 0.76 -
contig_16:1328962-1330527   -            522 7896at4891           -            419   5.9e-06   22.6   0.1   4   5    0.0096      0.48    6.4   0.0   155   186   392   424   385   434 0.88 -
contig_16:1328962-1330527   -            522 7896at4891           -            419   5.9e-06   22.6   0.1   5   5    0.0056      0.28    7.2   0.0   307   350   476   519   453   521 0.85 -
contig_10:189971-190606     -            212 7896at4891           -            419   6.4e-06   22.5   0.2   1   3    0.0072      0.36    6.9   0.0   165   243    13    90     3   112 0.41 -
contig_10:189971-190606     -            212 7896at4891           -            419   6.4e-06   22.5   0.2   2   3   7.3e-05    0.0036   13.4   0.1   168   253    80   172    69   202 0.79 -
contig_10:189971-190606     -            212 7896at4891           -            419   6.4e-06   22.5   0.2   3   3      0.28        14    1.6   0.0    38    65   186   212   169   212 0.71 -
contig_38:204902-205720     -            273 7896at4891           -            419   7.4e-06   22.3   0.4   1   3     0.054       2.7    4.0   0.0    51    69    70    88    53   109 0.74 -
contig_38:204902-205720     -            273 7896at4891           -            419   7.4e-06   22.3   0.4   2   3     0.026       1.3    5.0   0.0    47    69   162   184   139   194 0.80 -
contig_38:204902-205720     -            273 7896at4891           -            419   7.4e-06   22.3   0.4   3   3    0.0011     0.056    9.5   0.1    45    88   202   253   187   266 0.71 -
contig_5:208560-211595      -           1012 7896at4891           -            419   1.1e-05   21.7   7.5   1   5      0.37        18    1.2   0.0    51    73   150   172   138   176 0.79 -
contig_5:208560-211595      -           1012 7896at4891           -            419   1.1e-05   21.7   7.5   2   5   9.1e-05    0.0045   13.1   0.2   318   393   182   257   167   280 0.81 -
contig_5:208560-211595      -           1012 7896at4891           -            419   1.1e-05   21.7   7.5   3   5       3.1   1.6e+02   -1.8   0.0   200   374   679   727   671   750 0.45 -
contig_5:208560-211595      -           1012 7896at4891           -            419   1.1e-05   21.7   7.5   4   5    0.0077      0.38    6.8   0.0   198   254   779   844   770   859 0.74 -
contig_5:208560-211595      -           1012 7896at4891           -            419   1.1e-05   21.7   7.5   5   5      0.57        28    0.6   0.1   201   242   951   990   926  1002 0.83 -
contig_5:91699-92655        -            319 7896at4891           -            419   8.4e-05   18.8   0.2   1   2   0.00056     0.028   10.5   0.3   361   406    43    90    40   112 0.76 -
contig_5:91699-92655        -            319 7896at4891           -            419   8.4e-05   18.8   0.2   2   2     0.015      0.76    5.8   0.0   333   394   166   229   121   241 0.80 -
contig_3:191492-192466      -            325 7896at4891           -            419   9.7e-05   18.6   0.9   1   2      0.06         3    3.8   0.0   155   204     4    54     2    63 0.86 -
contig_3:191492-192466      -            325 7896at4891           -            419   9.7e-05   18.6   0.9   2   2   0.00013    0.0066   12.6   0.1   312   388   239   318   220   325 0.56 -
contig_39:411282-412259     -            326 7896at4891           -            419   0.00017   17.8   0.2   1   4     0.033       1.6    4.7   0.0   157   226    28    98    23   119 0.81 -
contig_39:411282-412259     -            326 7896at4891           -            419   0.00017   17.8   0.2   2   4       1.4        70   -0.7   0.0   197   216   121   140    94   150 0.77 -
contig_39:411282-412259     -            326 7896at4891           -            419   0.00017   17.8   0.2   3   4    0.0058      0.29    7.2   0.0   315   345   198   228   189   234 0.84 -
contig_39:411282-412259     -            326 7896at4891           -            419   0.00017   17.8   0.2   4   4      0.64        32    0.4   0.0    49    68   257   277   247   285 0.66 -
scaffold_25:608734-609504   -            257 7896at4891           -            419   0.00019   17.7   0.2   1   3   0.00087     0.043    9.9   0.0   333   419    48   141    25   141 0.72 -
scaffold_25:608734-609504   -            257 7896at4891           -            419   0.00019   17.7   0.2   2   3    0.0053      0.26    7.3   0.1   265   348   129   213   109   243 0.72 -
scaffold_25:608734-609504   -            257 7896at4891           -            419   0.00019   17.7   0.2   3   3       1.8        87   -1.0   0.0    48    69   234   255   215   256 0.83 -
contig_2:837541-838920      -            460 7896at4891           -            419   0.00025   17.2   0.1   1   2   0.00068     0.034   10.2   0.0   314   386   144   216    29   225 0.75 -
contig_2:837541-838920      -            460 7896at4891           -            419   0.00025   17.2   0.1   2   2      0.58        29    0.6   0.0    74   111   372   407   347   414 0.79 -
scaffold_25:1015518-1016705 -            396 7896at4891           -            419   0.00027   17.1   0.1   1   3      0.37        18    1.2   0.0   188   217    13    45     6    63 0.74 -
scaffold_25:1015518-1016705 -            396 7896at4891           -            419   0.00027   17.1   0.1   2   3    0.0026      0.13    8.3   0.0   153   189   233   273   226   285 0.83 -
scaffold_25:1015518-1016705 -            396 7896at4891           -            419   0.00027   17.1   0.1   3   3      0.11       5.2    3.0   0.0    49    74   302   327   284   345 0.53 -
scaffold_25:953091-954668   -            526 7896at4891           -            419   0.00028   17.1   0.8   1   5     0.015      0.76    5.8   0.0   319   346    29    56    16    66 0.68 -
scaffold_25:953091-954668   -            526 7896at4891           -            419   0.00028   17.1   0.8   2   5      0.31        15    1.5   0.1   200   236   100   136    68   173 0.86 -
scaffold_25:953091-954668   -            526 7896at4891           -            419   0.00028   17.1   0.8   3   5       3.2   1.6e+02   -1.9   0.0   357   396   183   222   168   241 0.71 -
scaffold_25:953091-954668   -            526 7896at4891           -            419   0.00028   17.1   0.8   4   5     0.028       1.4    4.9   0.0    40    70   293   323   252   334 0.70 -
scaffold_25:953091-954668   -            526 7896at4891           -            419   0.00028   17.1   0.8   5   5       5.7   2.8e+02   -2.7   0.0   361   385   500   524   497   525 0.76 -
contig_21:296828-298489     -            554 7896at4891           -            419    0.0003   17.0   1.1   1   4       5.4   2.7e+02   -2.6   0.0   304   344    19    60     9    64 0.64 -
contig_21:296828-298489     -            554 7896at4891           -            419    0.0003   17.0   1.1   2   4     0.085       4.2    3.3   0.0   335   385   116   167    84   176 0.81 -
contig_21:296828-298489     -            554 7896at4891           -            419    0.0003   17.0   1.1   3   4         4     2e+02   -2.2   0.0   199   217   210   228   193   245 0.67 -
contig_21:296828-298489     -            554 7896at4891           -            419    0.0003   17.0   1.1   4   4   0.00056     0.028   10.5   0.0   312   356   341   385   326   392 0.84 -
contig_16:1394410-1398219   -           1270 7896at4891           -            419    0.0007   15.8   0.5   1   2   4.5e-05    0.0022   14.1   0.1   306   390    53   142    35   149 0.79 -
contig_16:1394410-1398219   -           1270 7896at4891           -            419    0.0007   15.8   0.5   2   2       3.9   1.9e+02   -2.1   0.0   335   403   233   260   173   296 0.51 -
contig_2:458659-459603      -            315 7896at4891           -            419   0.00075   15.7   3.8   1   2       4.5   2.2e+02   -2.3   0.1    54    67     2    15     1    18 0.61 -
contig_2:458659-459603      -            315 7896at4891           -            419   0.00075   15.7   3.8   2   2    0.0021       0.1    8.6   1.0   201   378   105   309    94   314 0.44 -
scaffold_25:192000-194354   -            785 7896at4891           -            419    0.0011   15.2  10.0   1   4      0.03       1.5    4.8   0.1    39    68    59    89    16   105 0.78 -
scaffold_25:192000-194354   -            785 7896at4891           -            419    0.0011   15.2  10.0   2   4       2.9   1.4e+02   -1.7   0.1   357   385   280   309   279   317 0.78 -
scaffold_25:192000-194354   -            785 7896at4891           -            419    0.0011   15.2  10.0   3   4      0.87        43   -0.0   0.2   334   380   359   408   342   420 0.72 -
scaffold_25:192000-194354   -            785 7896at4891           -            419    0.0011   15.2  10.0   4   4   0.00014     0.007   12.5   0.1   154   235   607   709   598   745 0.60 -
contig_13:368314-369606     -            431 7896at4891           -            419     0.002   14.3   0.3   1   3      0.13       6.4    2.7   0.0   321   387   115   185   104   206 0.65 -
contig_13:368314-369606     -            431 7896at4891           -            419     0.002   14.3   0.3   2   3      0.25        12    1.8   0.0   198   231   218   251   198   265 0.70 -
contig_13:368314-369606     -            431 7896at4891           -            419     0.002   14.3   0.3   3   3     0.014      0.69    5.9   0.0   312   350   308   346   292   393 0.82 -
contig_10:294087-295835     -            583 7896at4891           -            419    0.0023   14.1   0.0   1   3      0.57        28    0.6   0.0   359   389   238   269   202   289 0.80 -
contig_10:294087-295835     -            583 7896at4891           -            419    0.0023   14.1   0.0   2   3      0.47        23    0.9   0.0   320   349   459   490   445   518 0.78 -
contig_10:294087-295835     -            583 7896at4891           -            419    0.0023   14.1   0.0   3   3     0.005      0.25    7.4   0.0    42   344   554   580   546   583 0.59 -
contig_23:680786-682465     -            560 7896at4891           -            419    0.0033   13.5   0.0   1   2       2.1   1.1e+02   -1.3   0.0   170   188    48    66    31    79 0.60 -
contig_23:680786-682465     -            560 7896at4891           -            419    0.0033   13.5   0.0   2   2   0.00034     0.017   11.2   0.0    54   103   161   216   120   236 0.82 -
contig_21:569344-570507     -            388 7896at4891           -            419    0.0044   13.1   0.4   1   3     0.081         4    3.4   0.1   318   397    15    98     4   116 0.68 -
contig_21:569344-570507     -            388 7896at4891           -            419    0.0044   13.1   0.4   2   3     0.029       1.4    4.9   0.0    31    70   139   180   129   209 0.81 -
contig_21:569344-570507     -            388 7896at4891           -            419    0.0044   13.1   0.4   3   3      0.43        21    1.0   0.0   405   419   305   319   297   324 0.79 -
scaffold_37:52247-53728     -            494 7896at4891           -            419    0.0064   12.6   0.0   1   1   0.00038     0.019   11.1   0.0   153   182   374   403   367   412 0.88 -
scaffold_25:786210-787250   -            347 7896at4891           -            419    0.0086   12.2   3.7   1   4     0.035       1.7    4.6   0.1   200   226    23    49     4    52 0.83 -
scaffold_25:786210-787250   -            347 7896at4891           -            419    0.0086   12.2   3.7   2   4     0.018      0.91    5.5   0.9   203   380    26    80    21    90 0.51 -
scaffold_25:786210-787250   -            347 7896at4891           -            419    0.0086   12.2   3.7   3   4      0.18       8.9    2.2   0.0   350   388   204   247   151   260 0.74 -
scaffold_25:786210-787250   -            347 7896at4891           -            419    0.0086   12.2   3.7   4   4      0.51        25    0.8   0.0    50    65   316   331   293   344 0.52 -
scaffold_37:946549-948501   -            651 7896at4891           -            419     0.009   12.1   0.2   1   3      0.26        13    1.7   0.0    50    72    94   116    74   124 0.62 -
scaffold_37:946549-948501   -            651 7896at4891           -            419     0.009   12.1   0.2   2   3     0.011      0.55    6.2   0.1   202   257   157   214   140   236 0.62 -
scaffold_37:946549-948501   -            651 7896at4891           -            419     0.009   12.1   0.2   3   3     0.017      0.85    5.6   0.0    41   366   184   233   175   255 0.55 -
#
# Program:         hmmsearch
# Version:         3.1b2 (February 2015)
# Pipeline mode:   SEARCH
# Query file:      /home/inf-52-2022/De_novo_assembly/06_Busco/busco_downloads/lineages/saccharomycetes_odb10/hmms/7896at4891.hmm
# Target file:     /home/inf-52-2022/De_novo_assembly/06_Busco/output/flye.assembly.fasta/run_saccharomycetes_odb10/metaeuk_output/initial_results/flye.assembly.fasta.modified.fas
# Option settings: hmmsearch --domtblout /home/inf-52-2022/De_novo_assembly/06_Busco/output/flye.assembly.fasta/run_saccharomycetes_odb10/hmmer_output/initial_run_results/7896at4891.out --cpu 1 /home/inf-52-2022/De_novo_assembly/06_Busco/busco_downloads/lineages/saccharomycetes_odb10/hmms/7896at4891.hmm /home/inf-52-2022/De_novo_assembly/06_Busco/output/flye.assembly.fasta/run_saccharomycetes_odb10/metaeuk_output/initial_results/flye.assembly.fasta.modified.fas 
# Current dir:     /home/inf-52-2022/De_novo_assembly/06_Busco
# Date:            Fri Feb 24 09:20:57 2023
# [ok]
