#                                                                                 --- full sequence --- -------------- this domain -------------   hmm coord   ali coord   env coord
# target name             accession   tlen query name           accession   qlen   E-value  score  bias   #  of  c-Evalue  i-Evalue  score  bias  from    to  from    to  from    to  acc description of target
#     ------------------- ---------- ----- -------------------- ---------- ----- --------- ------ ----- --- --- --------- --------- ------ ----- ----- ----- ----- ----- ----- ----- ---- ---------------------
scaffold_37:811341-813431 -            697 8274at4891           -            412  4.4e-179  592.8  16.7   1   6   0.00096     0.024   10.7   0.4     2    26    35    59    34    92 0.88 -
scaffold_37:811341-813431 -            697 8274at4891           -            412  4.4e-179  592.8  16.7   2   6   1.9e-09   4.7e-08   29.5   0.0    23    64    97   139    77   156 0.85 -
scaffold_37:811341-813431 -            697 8274at4891           -            412  4.4e-179  592.8  16.7   3   6   1.7e-15   4.4e-14   49.3   0.1    58   108   163   213   156   231 0.84 -
scaffold_37:811341-813431 -            697 8274at4891           -            412  4.4e-179  592.8  16.7   4   6   9.6e-16   2.4e-14   50.2   0.2    87   150   234   299   215   335 0.77 -
scaffold_37:811341-813431 -            697 8274at4891           -            412  4.4e-179  592.8  16.7   5   6   1.1e-20   2.7e-19   66.5   0.0   159   209   382   432   355   443 0.88 -
scaffold_37:811341-813431 -            697 8274at4891           -            412  4.4e-179  592.8  16.7   6   6    3e-120  7.5e-119  394.4   0.1   206   412   471   692   461   692 0.92 -
contig_10:230417-234844   -           1476 8274at4891           -            412   3.3e-90  300.1   8.9   1   3       9.6   2.4e+02   -2.5   0.4   123   164   193   234   173   257 0.55 -
contig_10:230417-234844   -           1476 8274at4891           -            412   3.3e-90  300.1   8.9   2   3     0.011      0.28    7.2   0.3    91   139  1008  1056   988  1082 0.70 -
contig_10:230417-234844   -           1476 8274at4891           -            412   3.3e-90  300.1   8.9   3   3   6.1e-91   1.5e-89  297.9   0.2   136   411  1140  1439  1123  1440 0.82 -
contig_7:256919-260728    -           1270 8274at4891           -            412   2.7e-59  198.2   0.7   1   2   1.2e-43     3e-42  142.1   1.1   129   314   939  1129   927  1138 0.83 -
contig_7:256919-260728    -           1270 8274at4891           -            412   2.7e-59  198.2   0.7   2   2   1.1e-16   2.7e-15   53.3   0.0   305   412  1142  1256  1136  1256 0.85 -
contig_4:50981-51697      -            239 8274at4891           -            412   9.5e-59  196.5   0.0   1   1   4.2e-60   1.1e-58  196.3   0.0   177   407     2   239     1   239 0.90 -
contig_21:681525-686252   -           1576 8274at4891           -            412   1.8e-58  195.6   2.9   1   2   9.6e-44   2.4e-42  142.4   1.6   148   317  1242  1418  1215  1426 0.85 -
contig_21:681525-686252   -           1576 8274at4891           -            412   1.8e-58  195.6   2.9   2   2   3.2e-16     8e-15   51.8   0.0   320   412  1457  1558  1438  1558 0.83 -
contig_34:318035-318781   -            249 8274at4891           -            412   3.4e-54  181.4   0.0   1   1   1.5e-55   3.8e-54  181.3   0.0   177   411     2   249     1   249 0.90 -
contig_34:87040-88758     -            573 8274at4891           -            412     1e-50  170.0   0.0   1   1   5.3e-52   1.3e-50  169.6   0.0   161   412   291   553   246   553 0.89 -
contig_21:69796-72318     -            841 8274at4891           -            412   1.2e-49  166.5   0.0   1   1   9.1e-51   2.3e-49  165.5   0.0   193   411   586   824   583   825 0.86 -
contig_16:38567-39385     -            273 8274at4891           -            412   6.3e-49  164.1   0.0   1   1     3e-50   7.5e-49  163.9   0.0   178   411     1   248     1   249 0.90 -
contig_23:979519-981465   -            649 8274at4891           -            412   2.6e-47  158.8   0.1   1   1   1.8e-48   4.5e-47  158.0   0.1   193   412   393   634   389   634 0.85 -
contig_5:165567-166649    -            361 8274at4891           -            412   6.6e-42  141.0   0.0   1   1     3e-43   7.7e-42  140.8   0.0   107   412    37   354     8   354 0.76 -
contig_5:175510-176283    -            258 8274at4891           -            412   7.3e-42  140.8   0.0   1   1   3.6e-43   9.1e-42  140.5   0.0   177   400    10   242     5   252 0.87 -
contig_39:190171-191622   -            484 8274at4891           -            412   1.5e-41  139.8   0.4   1   1   8.4e-43   2.1e-41  139.3   0.4   159   381   155   392   103   409 0.80 -
contig_16:1331426-1332964 -            513 8274at4891           -            412     3e-40  135.5   0.4   1   1   2.6e-41   6.7e-40  134.4   0.4   174   411   193   465   171   466 0.82 -
contig_39:141846-142661   -            272 8274at4891           -            412   5.9e-40  134.6   0.0   1   1     3e-41   7.5e-40  134.2   0.0   177   401    17   250    11   265 0.88 -
contig_5:270792-273251    -            820 8274at4891           -            412   1.4e-39  133.4   0.1   1   1   1.8e-40   4.4e-39  131.7   0.1   145   412   170   466   150   466 0.80 -
contig_5:501098-501982    -            295 8274at4891           -            412   3.7e-39  131.9   0.0   1   2   3.7e-40   9.2e-39  130.6   0.0   176   371     7   220     1   242 0.80 -
contig_5:501098-501982    -            295 8274at4891           -            412   3.7e-39  131.9   0.0   2   2         6   1.5e+02   -1.8   0.0   383   412   264   293   254   293 0.84 -
contig_5:296645-297460    -            272 8274at4891           -            412   5.2e-39  131.4   0.0   1   1     3e-40   7.6e-39  130.9   0.0   178   412     9   270     6   270 0.82 -
contig_10:98781-99578     -            266 8274at4891           -            412   7.2e-39  131.0   0.0   1   1   3.5e-40   8.8e-39  130.7   0.0   177   400    12   244     7   260 0.87 -
contig_39:256319-257482   -            388 8274at4891           -            412   7.6e-38  127.6   0.2   1   2   3.9e-05   0.00098   15.3   0.0   172   207     4    39     2    47 0.91 -
contig_39:256319-257482   -            388 8274at4891           -            412   7.6e-38  127.6   0.2   2   2   5.1e-34   1.3e-32  110.4   0.0   214   411    82   291    67   292 0.84 -
contig_16:59705-60733     -            343 8274at4891           -            412   1.6e-37  126.5   0.0   1   1   1.6e-38   4.1e-37  125.2   0.0   170   411    31   302     3   303 0.79 -
contig_23:317172-318038   -            289 8274at4891           -            412   6.1e-37  124.6   0.0   1   1   3.7e-38   9.3e-37  124.0   0.0   178   412    19   280     5   280 0.82 -
contig_23:961181-961969   -            263 8274at4891           -            412   1.2e-36  123.7   0.1   1   1   1.4e-37   3.5e-36  122.1   0.1   175   407     5   261     1   263 0.85 -
contig_3:169289-170122    -            278 8274at4891           -            412   1.6e-36  123.3   0.0   1   1   8.1e-38     2e-36  122.9   0.0   169   412    13   278     2   278 0.84 -
contig_2:647777-649888    -            704 8274at4891           -            412     5e-36  121.6   0.0   1   1   2.7e-37   6.7e-36  121.2   0.0   169   411    79   336    23   337 0.84 -
contig_7:79814-80812      -            333 8274at4891           -            412   1.3e-35  120.3   0.0   1   1   6.5e-37   1.6e-35  119.9   0.0   172   411     8   271     3   272 0.81 -
contig_10:166734-168641   -            636 8274at4891           -            412   3.6e-35  118.8   0.0   1   1   2.6e-36   6.7e-35  117.9   0.0   177   412   333   591   313   591 0.82 -
scaffold_37:351289-352593 -            435 8274at4891           -            412     1e-34  117.3   0.0   1   2   2.1e-35   5.2e-34  115.0   0.0   168   365    19   223     4   254 0.83 -
scaffold_37:351289-352593 -            435 8274at4891           -            412     1e-34  117.3   0.0   2   2         2        52   -0.3   0.0   385   411   275   301   270   302 0.91 -
contig_23:795726-796550   -            275 8274at4891           -            412   1.2e-34  117.1   0.0   1   1   5.8e-36   1.5e-34  116.8   0.0   170   412     9   273     3   273 0.85 -
contig_16:829684-830619   -            312 8274at4891           -            412   1.3e-34  117.0   1.7   1   1     3e-33   7.6e-32  107.8   1.7   171   412    31   310     5   310 0.73 -
contig_16:91622-92428     -            269 8274at4891           -            412   4.6e-34  115.2   0.6   1   1   2.5e-34   6.2e-33  111.4   0.6   174   406     8   266     3   269 0.84 -
scaffold_37:312544-313473 -            310 8274at4891           -            412   1.3e-33  113.7   1.5   1   2      0.12       2.9    3.8   0.1   176   207     8    39     2    69 0.81 -
scaffold_37:312544-313473 -            310 8274at4891           -            412   1.3e-33  113.7   1.5   2   2   9.4e-34   2.4e-32  109.5   0.3   218   412    77   282    58   282 0.83 -
contig_16:111262-113151   -            630 8274at4891           -            412   6.4e-33  111.4   0.1   1   1   2.5e-34   6.4e-33  111.4   0.1   176   411    56   302    36   303 0.88 -
contig_16:129516-130403   -            296 8274at4891           -            412   2.6e-32  109.4   0.1   1   1     4e-31     1e-29  100.8   0.1   175   382    11   250     2   290 0.79 -
contig_3:65759-67243      -            495 8274at4891           -            412   7.1e-32  107.9   0.2   1   2   1.8e-27   4.5e-26   88.8   0.2   178   312    12   153     9   162 0.85 -
contig_3:65759-67243      -            495 8274at4891           -            412   7.1e-32  107.9   0.2   2   2   1.2e-05   0.00031   16.9   0.0   326   390   365   433   353   458 0.79 -
contig_38:255382-256254   -            291 8274at4891           -            412   1.6e-31  106.8   0.0   1   1   8.6e-33   2.2e-31  106.3   0.0   176   372     5   218     1   233 0.83 -
contig_38:518831-520054   -            408 8274at4891           -            412   7.8e-31  104.5   0.0   1   2      0.01      0.26    7.3   0.0   177   206    16    45     5    60 0.85 -
contig_38:518831-520054   -            408 8274at4891           -            412   7.8e-31  104.5   0.0   2   2   5.8e-29   1.5e-27   93.7   0.0   214   402    80   291    72   298 0.82 -
contig_23:314461-315282   -            274 8274at4891           -            412   8.5e-31  104.4   0.0   1   1   3.7e-32   9.4e-31  104.2   0.0   173   412     2   268     1   268 0.80 -
contig_5:294113-295033    -            307 8274at4891           -            412   3.4e-30  102.4   0.0   1   1   1.7e-31   4.3e-30  102.1   0.0   172   412    12   284     4   284 0.83 -
contig_5:868468-869409    -            314 8274at4891           -            412   6.4e-30  101.5   4.4   1   2   3.1e-10   7.9e-09   32.0   0.1   176   234     5    63     1    69 0.93 -
contig_5:868468-869409    -            314 8274at4891           -            412   6.4e-30  101.5   4.4   2   2   4.1e-21     1e-19   67.9   0.8   260   371   107   239    80   267 0.74 -
contig_5:277376-278116    -            247 8274at4891           -            412   1.4e-29  100.4   0.0   1   1   7.1e-31   1.8e-29  100.0   0.0   177   412     3   244     2   244 0.84 -
contig_16:1236748-1237647 -            300 8274at4891           -            412   7.1e-29   98.1   0.0   1   1   3.9e-30   9.9e-29   97.6   0.0   176   383     5   227     1   240 0.84 -
contig_16:495333-500294   -           1654 8274at4891           -            412   1.6e-28   96.9   5.0   1   3   6.3e-06   0.00016   17.9   0.2   208   412   293   522   287   522 0.70 -
contig_16:495333-500294   -           1654 8274at4891           -            412   1.6e-28   96.9   5.0   2   3   4.6e-07   1.2e-05   21.6   0.0   170   238   592   657   560   660 0.83 -
contig_16:495333-500294   -           1654 8274at4891           -            412   1.6e-28   96.9   5.0   3   3   4.4e-17   1.1e-15   54.6   0.1   268   412   809   976   774   976 0.69 -
contig_21:334458-335687   -            410 8274at4891           -            412   1.7e-28   96.8   0.2   1   2   1.6e-26   4.1e-25   85.7   0.1   172   316    18   168     5   173 0.88 -
contig_21:334458-335687   -            410 8274at4891           -            412   1.7e-28   96.8   0.2   2   2    0.0027     0.067    9.2   0.0   323   372   240   290   216   338 0.76 -
contig_2:377100-377930    -            277 8274at4891           -            412   3.7e-28   95.7   0.1   1   1   1.9e-29   4.8e-28   95.3   0.1   178   371     1   208     1   232 0.79 -
contig_4:54329-55633      -            435 8274at4891           -            412   5.7e-28   95.1   0.7   1   3   1.8e-12   4.6e-11   39.4   0.1   176   261    29   121    13   147 0.82 -
contig_4:54329-55633      -            435 8274at4891           -            412   5.7e-28   95.1   0.7   2   3      0.56        14    1.6   0.1   284   298   169   183   164   206 0.78 -
contig_4:54329-55633      -            435 8274at4891           -            412   5.7e-28   95.1   0.7   3   3   6.6e-16   1.7e-14   50.7   0.0   302   409   226   340   220   343 0.82 -
scaffold_25:520629-521735 -            369 8274at4891           -            412   7.8e-28   94.6   0.0   1   2   1.1e-28   2.9e-27   92.8   0.0   165   361    11   233     1   252 0.79 -
scaffold_25:520629-521735 -            369 8274at4891           -            412   7.8e-28   94.6   0.0   2   2       5.8   1.5e+02   -1.8   0.0   387   412   293   318   289   318 0.92 -
contig_34:510923-513214   -            764 8274at4891           -            412   9.5e-28   94.4   0.0   1   1   5.5e-29   1.4e-27   93.8   0.0   175   404   355   599   303   611 0.79 -
scaffold_25:937733-940390 -            886 8274at4891           -            412   1.2e-27   94.0   0.0   1   3   2.9e-10   7.3e-09   32.1   0.0   171   261    14   111     2   124 0.80 -
scaffold_25:937733-940390 -            886 8274at4891           -            412   1.2e-27   94.0   0.0   2   3   2.5e-05   0.00062   15.9   0.0   262   297   136   171   130   177 0.89 -
scaffold_25:937733-940390 -            886 8274at4891           -            412   1.2e-27   94.0   0.0   3   3   3.1e-13   7.9e-12   41.9   0.0   302   372   197   271   188   315 0.78 -
contig_38:610560-611501   -            314 8274at4891           -            412   1.3e-27   93.9   0.0   1   2   5.8e-28   1.5e-26   90.4   0.0   176   362    12   221     2   244 0.78 -
contig_38:610560-611501   -            314 8274at4891           -            412   1.3e-27   93.9   0.0   2   2       1.2        31    0.4   0.0   385   412   277   304   268   304 0.89 -
scaffold_25:935418-936422 -            335 8274at4891           -            412   1.6e-27   93.6   0.1   1   1   3.2e-28   8.1e-27   91.3   0.1   166   366    35   274     6   335 0.68 -
contig_38:59949-60902     -            318 8274at4891           -            412   2.6e-27   92.9   0.0   1   1   1.3e-28   3.2e-27   92.6   0.0   173   412    13   278     3   278 0.81 -
contig_16:1223595-1225133 -            513 8274at4891           -            412     3e-27   92.7   0.0   1   2   3.2e-20     8e-19   65.0   0.0   163   299   191   338   158   344 0.80 -
contig_16:1223595-1225133 -            513 8274at4891           -            412     3e-27   92.7   0.0   2   2   2.7e-08   6.9e-07   25.7   0.0   302   361   360   423   355   480 0.81 -
contig_34:166674-167717   -            348 8274at4891           -            412   9.5e-27   91.1   0.0   1   2   9.3e-27   2.4e-25   86.5   0.0   171   360    12   224     3   247 0.77 -
contig_34:166674-167717   -            348 8274at4891           -            412   9.5e-27   91.1   0.0   2   2      0.33       8.4    2.3   0.0   382   412   278   308   259   308 0.88 -
contig_5:675473-676447    -            325 8274at4891           -            412   9.8e-26   87.7   0.1   1   1   7.1e-27   1.8e-25   86.9   0.1   178   371    11   229     7   239 0.81 -
contig_21:57375-58346     -            324 8274at4891           -            412   1.8e-25   86.9   0.0   1   1   1.9e-26   4.8e-25   85.4   0.0   177   359     4   204     2   221 0.78 -
contig_39:156734-157819   -            362 8274at4891           -            412   5.3e-25   85.3   0.0   1   2   4.2e-25   1.1e-23   81.0   0.0   168   357     7   219     3   259 0.79 -
contig_39:156734-157819   -            362 8274at4891           -            412   5.3e-25   85.3   0.0   2   2      0.34       8.5    2.3   0.0   383   412   277   306   254   306 0.86 -
contig_7:135629-136300    -            224 8274at4891           -            412   1.1e-24   84.3   0.0   1   1   5.2e-26   1.3e-24   84.0   0.0   178   357     3   208     1   216 0.77 -
scaffold_25:427224-428939 -            572 8274at4891           -            412   1.7e-24   83.6   0.0   1   2   1.4e-20   3.5e-19   66.2   0.0   169   312   174   323   122   334 0.82 -
scaffold_25:427224-428939 -            572 8274at4891           -            412   1.7e-24   83.6   0.0   2   2     4e-05     0.001   15.2   0.0   312   364   367   420   364   429 0.86 -
contig_7:290280-291302    -            341 8274at4891           -            412   2.2e-24   83.3   0.0   1   2   2.6e-19   6.6e-18   61.9   0.0   164   325    33   204    20   210 0.85 -
contig_7:290280-291302    -            341 8274at4891           -            412   2.2e-24   83.3   0.0   2   2   1.8e-06   4.7e-05   19.6   0.0   317   400   216   303   206   319 0.73 -
contig_2:455941-456999    -            353 8274at4891           -            412   2.6e-24   83.0   0.0   1   1   1.5e-25   3.7e-24   82.5   0.0   177   361    34   229    29   243 0.88 -
contig_39:213718-214881   -            388 8274at4891           -            412   2.9e-24   82.9   0.0   1   1   1.6e-25     4e-24   82.4   0.0   177   361    71   266    66   308 0.88 -
contig_38:788712-789611   -            300 8274at4891           -            412   9.1e-24   81.2   0.0   1   1   4.4e-25   1.1e-23   81.0   0.0   177   361    15   212     5   255 0.80 -
contig_23:94899-96161     -            421 8274at4891           -            412   1.7e-23   80.4   0.0   1   1   1.1e-23   2.7e-22   76.4   0.0   170   412   110   395    68   395 0.69 -
contig_23:1006466-1007335 -            290 8274at4891           -            412   1.9e-23   80.2   0.1   1   2   6.6e-23   1.7e-21   73.8   0.0   178   361     1   205     1   244 0.74 -
contig_23:1006466-1007335 -            290 8274at4891           -            412   1.9e-23   80.2   0.1   2   2     0.081         2    4.3   0.0   386   412   257   283   236   283 0.88 -
contig_5:756400-758091    -            564 8274at4891           -            412     3e-23   79.6   0.0   1   2   1.2e-19   3.1e-18   63.0   0.0   140   312   129   315    82   326 0.79 -
contig_5:756400-758091    -            564 8274at4891           -            412     3e-23   79.6   0.0   2   2   7.1e-05    0.0018   14.4   0.0   314   363   361   411   352   418 0.85 -
contig_4:95815-96606      -            264 8274at4891           -            412   1.3e-22   77.4   0.3   1   1   7.9e-24     2e-22   76.8   0.3   176   364     9   218     3   263 0.72 -
contig_21:710829-711689   -            287 8274at4891           -            412     4e-22   75.8   0.0   1   2   7.8e-17     2e-15   53.8   0.0   177   316     6   153     1   164 0.86 -
contig_21:710829-711689   -            287 8274at4891           -            412     4e-22   75.8   0.0   2   2   1.1e-06   2.9e-05   20.3   0.0   316   401   178   267   166   282 0.75 -
contig_12:158684-159679   -            332 8274at4891           -            412   5.8e-22   75.3   2.8   1   2     4e-23     1e-21   74.5   0.2   177   320     9   179     5   195 0.76 -
contig_12:158684-159679   -            332 8274at4891           -            412   5.8e-22   75.3   2.8   2   2       1.5        37    0.2   0.2   341   360   232   251   226   319 0.53 -
contig_16:1191458-1192312 -            285 8274at4891           -            412   1.3e-21   74.2   0.0   1   1   6.7e-23   1.7e-21   73.8   0.0   177   370     6   213     3   228 0.78 -
scaffold_25:892204-893088 -            295 8274at4891           -            412   2.1e-21   73.4   0.2   1   2   1.3e-09   3.3e-08   30.0   0.3   239   297    89   147     4   150 0.74 -
scaffold_25:892204-893088 -            295 8274at4891           -            412   2.1e-21   73.4   0.2   2   2   1.1e-12   2.8e-11   40.1   0.0   301   412   175   294   172   294 0.83 -
scaffold_37:596361-597356 -            332 8274at4891           -            412   3.5e-21   72.7   1.1   1   3         5   1.3e+02   -1.6   0.0   184   394    25    46    13    64 0.58 -
scaffold_37:596361-597356 -            332 8274at4891           -            412   3.5e-21   72.7   1.1   2   3   2.4e-08   6.1e-07   25.8   0.4   237   297   111   171    72   178 0.84 -
scaffold_37:596361-597356 -            332 8274at4891           -            412   3.5e-21   72.7   1.1   3   3   4.9e-14   1.2e-12   44.6   0.0   301   412   209   328   206   328 0.78 -
contig_10:137014-137931   -            306 8274at4891           -            412   5.3e-21   72.1   0.1   1   1   5.5e-22   1.4e-20   70.8   0.1   177   371     9   217     1   257 0.74 -
contig_5:482121-483767    -            549 8274at4891           -            412   1.8e-20   70.4   0.1   1   1   1.3e-21   3.4e-20   69.5   0.1   263   353   260   359   178   367 0.74 -
contig_23:844940-845809   -            290 8274at4891           -            412     4e-20   69.2   0.4   1   1   2.3e-21   5.7e-20   68.7   0.4   164   412    23   289     2   289 0.72 -
contig_16:1103448-1104401 -            318 8274at4891           -            412   5.1e-20   68.9   0.3   1   1   8.9e-21   2.3e-19   66.8   0.2   179   374     8   230     2   277 0.68 -
contig_39:228518-229900   -            461 8274at4891           -            412   2.3e-19   66.7   0.0   1   2   4.6e-05    0.0012   15.0   0.0   168   243   132   227   119   229 0.63 -
contig_39:228518-229900   -            461 8274at4891           -            412   2.3e-19   66.7   0.0   2   2   1.4e-14   3.5e-13   46.4   0.0   242   359   250   389   247   400 0.79 -
contig_16:1429951-1430847 -            299 8274at4891           -            412     1e-17   61.3   0.0   1   1   5.7e-19   1.4e-17   60.8   0.0   177   365    10   216     7   225 0.81 -
contig_10:65960-66592     -            211 8274at4891           -            412   3.1e-17   59.7   0.5   1   1   1.6e-18   4.2e-17   59.3   0.5   176   353     6   205     1   208 0.77 -
contig_34:259655-262687   -           1011 8274at4891           -            412   1.1e-16   57.9   0.0   1   2   4.8e-12   1.2e-10   38.0   0.0   172   334   573   762   553   771 0.70 -
contig_34:259655-262687   -           1011 8274at4891           -            412   1.1e-16   57.9   0.0   2   2   9.1e-06   0.00023   17.3   0.0   333   410   793   877   778   879 0.81 -
contig_10:204643-205704   -            354 8274at4891           -            412   2.4e-16   56.8   0.6   1   4       2.6        67   -0.7   0.0   177   189    10    22     3    35 0.88 -
contig_10:204643-205704   -            354 8274at4891           -            412   2.4e-16   56.8   0.6   2   4   1.6e-15     4e-14   49.5   0.1   261   371   132   264   101   275 0.77 -
contig_10:204643-205704   -            354 8274at4891           -            412   2.4e-16   56.8   0.6   3   4       4.9   1.2e+02   -1.5   0.0   238   257   301   320   297   335 0.86 -
contig_10:204643-205704   -            354 8274at4891           -            412   2.4e-16   56.8   0.6   4   4       1.5        37    0.2   0.0   387   411   328   352   321   353 0.89 -
contig_5:510187-511218    -            344 8274at4891           -            412   4.3e-16   56.0   0.4   1   2     0.024       0.6    6.1   0.0   176   206     6    36     1    52 0.87 -
contig_5:510187-511218    -            344 8274at4891           -            412   4.3e-16   56.0   0.4   2   2   2.8e-14   7.2e-13   45.4   0.1   219   365   101   273    83   323 0.72 -
contig_39:355049-356092   -            348 8274at4891           -            412   2.5e-15   53.4   0.0   1   3    0.0047      0.12    8.4   0.1   170   224     9    65     2    71 0.84 -
contig_39:355049-356092   -            348 8274at4891           -            412   2.5e-15   53.4   0.0   2   3   2.4e-11     6e-10   35.7   0.0   268   309   157   203   149   211 0.81 -
contig_39:355049-356092   -            348 8274at4891           -            412   2.5e-15   53.4   0.0   3   3     0.033      0.84    5.6   0.0   338   408   256   327   232   329 0.86 -
contig_5:173344-174342    -            333 8274at4891           -            412     4e-15   52.8   0.8   1   2   3.8e-16   9.7e-15   51.5   0.2   171   315     5   154     1   216 0.82 -
contig_5:173344-174342    -            333 8274at4891           -            412     4e-15   52.8   0.8   2   2       6.1   1.5e+02   -1.9   0.0    64    97   284   317   264   329 0.64 -
contig_10:95603-96556     -            318 8274at4891           -            412   4.9e-15   52.5   0.0   1   1   1.4e-15   3.6e-14   49.6   0.0   267   370   146   261   116   317 0.65 -
contig_39:138508-139482   -            325 8274at4891           -            412   1.2e-14   51.2   0.0   1   1   7.3e-16   1.8e-14   50.6   0.0   242   357   124   254   110   324 0.80 -
contig_23:643244-644101   -            286 8274at4891           -            412   7.5e-14   48.6   0.1   1   1   7.3e-15   1.8e-13   47.3   0.0   256   371    87   209     6   216 0.76 -
contig_39:134761-137403   -            881 8274at4891           -            412   9.2e-14   48.3   0.0   1   2   2.2e-12   5.4e-11   39.2   0.0   175   318   418   580   313   587 0.85 -
contig_39:134761-137403   -            881 8274at4891           -            412   9.2e-14   48.3   0.0   2   2     0.017      0.42    6.6   0.0   339   373   792   828   785   841 0.81 -
contig_16:1079695-1081188 -            498 8274at4891           -            412   1.2e-13   48.0   0.2   1   3   5.6e-08   1.4e-06   24.6   0.0   266   319   132   186   121   191 0.85 -
contig_16:1079695-1081188 -            498 8274at4891           -            412   1.2e-13   48.0   0.2   2   3   0.00021    0.0054   12.8   0.0   316   359   266   311   261   328 0.76 -
contig_16:1079695-1081188 -            498 8274at4891           -            412   1.2e-13   48.0   0.2   3   3      0.02       0.5    6.3   0.0   387   411   436   460   422   461 0.90 -
scaffold_25:502524-503510 -            329 8274at4891           -            412   1.4e-13   47.7   0.0   1   2   2.8e-14     7e-13   45.4   0.0   178   331     4   172     2   182 0.82 -
scaffold_25:502524-503510 -            329 8274at4891           -            412   1.4e-13   47.7   0.0   2   2       2.1        52   -0.3   0.0   336   355   195   214   191   222 0.83 -
contig_2:71015-71977      -            321 8274at4891           -            412     3e-13   46.6   1.0   1   2   4.1e-08     1e-06   25.1   0.3   176   297    11   156     5   161 0.66 -
contig_2:71015-71977      -            321 8274at4891           -            412     3e-13   46.6   1.0   2   2   0.00026    0.0066   12.5   0.0   306   412   187   319   182   319 0.64 -
scaffold_37:91177-93348   -            724 8274at4891           -            412   5.2e-13   45.8   0.5   1   3   1.8e-07   4.5e-06   23.0   0.0   171   299   304   442   242   449 0.70 -
scaffold_37:91177-93348   -            724 8274at4891           -            412   5.2e-13   45.8   0.5   2   3   7.2e-06   0.00018   17.7   0.0   302   368   477   545   467   575 0.74 -
scaffold_37:91177-93348   -            724 8274at4891           -            412   5.2e-13   45.8   0.5   3   3      0.83        21    1.0   0.0   387   412   687   712   682   712 0.92 -
contig_13:271695-272492   -            266 8274at4891           -            412   1.7e-11   40.8   0.0   1   1   1.2e-12     3e-11   40.0   0.0   258   371    58   178    44   185 0.79 -
contig_10:541648-542700   -            351 8274at4891           -            412     2e-11   40.6   0.0   1   1     2e-12     5e-11   39.3   0.0   269   312   110   153    89   157 0.89 -
contig_38:454412-455302   -            297 8274at4891           -            412   4.7e-11   39.4   0.3   1   1   6.1e-12   1.5e-10   37.7   0.3   195   363    39   239    34   281 0.76 -
contig_21:597414-598292   -            293 8274at4891           -            412   5.5e-11   39.1   0.0   1   1     5e-12   1.3e-10   38.0   0.0   237   409    81   273     6   276 0.73 -
contig_13:173946-174542   -            199 8274at4891           -            412   8.3e-11   38.6   0.0   1   1   1.3e-11   3.3e-10   36.6   0.0   243   408     5   190     1   193 0.67 -
contig_39:75967-76494     -            176 8274at4891           -            412   9.2e-11   38.4   0.0   1   1   4.3e-12   1.1e-10   38.2   0.0   270   312    11    53     3    88 0.92 -
contig_3:73241-74347      -            369 8274at4891           -            412     1e-10   38.3   0.1   1   1   6.7e-12   1.7e-10   37.5   0.1   268   318   137   192   131   243 0.65 -
contig_38:375047-379402   -           1452 8274at4891           -            412   9.5e-08   28.5   0.0   1   2   0.00013    0.0032   13.6   0.1   271   308   129   166   116   171 0.87 -
contig_38:375047-379402   -           1452 8274at4891           -            412   9.5e-08   28.5   0.0   2   2   0.00034    0.0086   12.2   0.0   336   408   217   293   213   295 0.76 -
contig_5:110700-111683    -            328 8274at4891           -            412   1.6e-06   24.4   0.0   1   1   1.5e-07   3.7e-06   23.3   0.0   286   408   183   328   179   328 0.73 -
contig_2:224808-225305    -            166 8274at4891           -            412   9.5e-06   21.9   0.0   1   2   1.5e-05   0.00039   16.6   0.0   303   359     7    65     3    71 0.77 -
contig_2:224808-225305    -            166 8274at4891           -            412   9.5e-06   21.9   0.0   2   2      0.16         4    3.4   0.0   384   411   139   166   128   166 0.90 -
contig_10:311286-313283   -            666 8274at4891           -            412   2.1e-05   20.7   0.5   1   3      0.31       7.8    2.4   0.0   177   235   178   240   169   249 0.77 -
contig_10:311286-313283   -            666 8274at4891           -            412   2.1e-05   20.7   0.5   2   3   0.00033    0.0084   12.2   0.0   263   297   325   358   318   361 0.86 -
contig_10:311286-313283   -            666 8274at4891           -            412   2.1e-05   20.7   0.5   3   3       0.3       7.7    2.4   0.0    91   162   496   567   478   576 0.85 -
contig_12:171778-172506   -            243 8274at4891           -            412   4.9e-05   19.5   0.1   1   1     8e-06    0.0002   17.5   0.1   173   299     6   151     2   157 0.79 -
scaffold_25:219200-222208 -           1003 8274at4891           -            412    0.0015   14.7   0.1   1   2       6.2   1.6e+02   -1.9   0.3    80   140   380   440   370   461 0.80 -
scaffold_25:219200-222208 -           1003 8274at4891           -            412    0.0015   14.7   0.1   2   2   5.8e-05    0.0015   14.7   0.1   140   297   662   828   593   832 0.73 -
scaffold_25:745058-747424 -            789 8274at4891           -            412    0.0075   12.3   0.0   1   1    0.0038     0.097    8.7   0.0   266   359   149   260    78   269 0.72 -
#
# Program:         hmmsearch
# Version:         3.1b2 (February 2015)
# Pipeline mode:   SEARCH
# Query file:      /home/inf-52-2022/De_novo_assembly/06_Busco/busco_downloads/lineages/saccharomycetes_odb10/hmms/8274at4891.hmm
# Target file:     /home/inf-52-2022/De_novo_assembly/06_Busco/output/flye.assembly.fasta/run_saccharomycetes_odb10/metaeuk_output/initial_results/flye.assembly.fasta.modified.fas
# Option settings: hmmsearch --domtblout /home/inf-52-2022/De_novo_assembly/06_Busco/output/flye.assembly.fasta/run_saccharomycetes_odb10/hmmer_output/initial_run_results/8274at4891.out --cpu 1 /home/inf-52-2022/De_novo_assembly/06_Busco/busco_downloads/lineages/saccharomycetes_odb10/hmms/8274at4891.hmm /home/inf-52-2022/De_novo_assembly/06_Busco/output/flye.assembly.fasta/run_saccharomycetes_odb10/metaeuk_output/initial_results/flye.assembly.fasta.modified.fas 
# Current dir:     /home/inf-52-2022/De_novo_assembly/06_Busco
# Date:            Fri Feb 24 09:20:57 2023
# [ok]
