#                                                                                 --- full sequence --- -------------- this domain -------------   hmm coord   ali coord   env coord
# target name             accession   tlen query name           accession   qlen   E-value  score  bias   #  of  c-Evalue  i-Evalue  score  bias  from    to  from    to  from    to  acc description of target
#     ------------------- ---------- ----- -------------------- ---------- ----- --------- ------ ----- --- --- --------- --------- ------ ----- ----- ----- ----- ----- ----- ----- ---- ---------------------
contig_39:181381-182781   -            467 8568at4891           -            359  1.8e-227  751.4   1.3   1   4   1.7e-05     0.002   14.4   0.0     1    19    28    46    28    60 0.90 -
contig_39:181381-182781   -            467 8568at4891           -            359  1.8e-227  751.4   1.3   2   4      0.31        37    0.4   0.0    12    28    63    79    50    84 0.73 -
contig_39:181381-182781   -            467 8568at4891           -            359  1.8e-227  751.4   1.3   3   4    0.0069      0.81    5.8   0.0    26    38    95   107    88   110 0.90 -
contig_39:181381-182781   -            467 8568at4891           -            359  1.8e-227  751.4   1.3   4   4  4.7e-222  5.5e-220  726.7   0.2    37   359   143   467   125   467 0.99 -
contig_16:1266781-1269285 -            835 8568at4891           -            359  5.2e-120  397.9   0.2   1   2   4.4e-66   5.2e-64  213.7   0.3    98   330   209   439   202   453 0.94 -
contig_16:1266781-1269285 -            835 8568at4891           -            359  5.2e-120  397.9   0.2   2   2   2.2e-56   2.5e-54  181.8   0.0    86   332   470   717   447   739 0.90 -
scaffold_37:873945-876275 -            777 8568at4891           -            359  5.1e-110  365.0   0.0   1   2   3.5e-55     4e-53  177.8   0.0   100   326   242   471   236   495 0.90 -
scaffold_37:873945-876275 -            777 8568at4891           -            359  5.1e-110  365.0   0.0   2   2     2e-57   2.3e-55  185.2   0.0    85   350   498   760   474   771 0.88 -
scaffold_25:689198-690409 -            404 8568at4891           -            359  1.7e-107  356.7   1.5   1   1    2e-109  2.3e-107  356.2   1.5    38   349    82   394    68   402 0.96 -
contig_23:277555-278865   -            437 8568at4891           -            359  1.2e-100  334.2   0.4   1   1  1.3e-102  1.5e-100  333.8   0.4    38   356   116   435   101   437 0.97 -
scaffold_37:56135-58618   -            828 8568at4891           -            359   1.2e-97  324.3   0.1   1   2   3.5e-45   4.1e-43  144.9   0.0    98   326   200   431   191   455 0.90 -
scaffold_37:56135-58618   -            828 8568at4891           -            359   1.2e-97  324.3   0.1   2   2   5.4e-55   6.2e-53  177.2   0.0    73   327   503   759   494   779 0.90 -
contig_16:1066064-1067380 -            439 8568at4891           -            359   9.1e-96  318.1   0.1   1   1     1e-97   1.2e-95  317.7   0.1    54   347   135   429   105   433 0.95 -
contig_23:539417-540724   -            436 8568at4891           -            359   1.3e-94  314.3   0.2   1   1   1.6e-96   1.8e-94  313.8   0.2    57   353   137   433   115   436 0.95 -
contig_16:262402-263685   -            428 8568at4891           -            359   2.4e-89  297.0   0.4   1   1   2.8e-91   3.3e-89  296.6   0.4    49   344   118   415   109   425 0.91 -
contig_12:332552-387050   -            540 8568at4891           -            359     1e-83  278.5   0.0   1   2   3.6e-28   4.1e-26   89.0   0.0   103   233     2   129     1   262 0.73 -
contig_12:332552-387050   -            540 8568at4891           -            359     1e-83  278.5   0.0   2   2   1.9e-57   2.2e-55  185.3   0.0    85   346   270   539   242   540 0.91 -
contig_12:386073-387632   -            520 8568at4891           -            359   2.6e-55  185.0   0.0   1   1   3.4e-57     4e-55  184.4   0.0    95   348    66   327    58   335 0.91 -
scaffold_25:62769-66899   -           1377 8568at4891           -            359   3.5e-54  181.3   0.0   1   1   6.1e-56   7.1e-54  180.3   0.0    99   326   409   640   389   665 0.88 -
contig_5:619574-621814    -            747 8568at4891           -            359   6.1e-54  180.5   0.1   1   1     8e-56   9.3e-54  179.9   0.1    96   347   274   522   263   528 0.93 -
contig_21:20425-23277     -            951 8568at4891           -            359   3.3e-46  155.1   0.0   1   1   4.9e-48   5.7e-46  154.3   0.0    96   331   646   883   634   902 0.89 -
contig_5:889691-891001    -            437 8568at4891           -            359   2.3e-43  145.8   0.0   1   1   2.9e-45   3.4e-43  145.2   0.0    93   337   123   364   113   377 0.89 -
contig_38:413613-415883   -            757 8568at4891           -            359   1.8e-42  142.8   0.2   1   2   1.9e-41   2.2e-39  132.7   0.2    97   332   231   482   226   502 0.81 -
contig_38:413613-415883   -            757 8568at4891           -            359   1.8e-42  142.8   0.2   2   2    0.0017       0.2    7.8   0.0   139   172   559   592   514   630 0.77 -
contig_39:77908-81021     -           1038 8568at4891           -            359   1.6e-40  136.4   0.0   1   2    0.0038      0.45    6.7   0.0   138   285   450   609   432   635 0.76 -
contig_39:77908-81021     -           1038 8568at4891           -            359   1.6e-40  136.4   0.0   2   2   7.3e-40   8.5e-38  127.4   0.0    96   325   685   921   671   940 0.86 -
contig_5:426106-427080    -            325 8568at4891           -            359   1.8e-38  129.6   0.0   1   1   2.1e-40   2.4e-38  129.2   0.0    99   329    39   277    29   314 0.85 -
scaffold_25:557125-558210 -            362 8568at4891           -            359   1.9e-36  123.0   0.0   1   1   2.1e-38   2.5e-36  122.6   0.0    96   327    84   313    67   331 0.90 -
contig_16:298818-300176   -            453 8568at4891           -            359   7.1e-13   45.5   0.0   1   1   1.3e-14   1.5e-12   44.4   0.0   129   269   256   388   245   396 0.84 -
contig_38:214351-214893   -            181 8568at4891           -            359   1.6e-06   24.6   0.2   1   1   6.8e-08   7.9e-06   22.3   0.2   136   284     4   176     1   180 0.64 -
contig_2:505749-507950    -            734 8568at4891           -            359    0.0067   12.6   0.0   1   1   9.5e-05     0.011   11.9   0.0   136   162   167   194   142   239 0.76 -
contig_23:339381-341963   -            861 8568at4891           -            359     0.011   11.9   0.0   1   1   0.00017      0.02   11.1   0.0   103   164   308   373   295   441 0.71 -
#
# Program:         hmmsearch
# Version:         3.1b2 (February 2015)
# Pipeline mode:   SEARCH
# Query file:      /home/inf-52-2022/De_novo_assembly/06_Busco/busco_downloads/lineages/saccharomycetes_odb10/hmms/8568at4891.hmm
# Target file:     /home/inf-52-2022/De_novo_assembly/06_Busco/output/flye.assembly.fasta/run_saccharomycetes_odb10/metaeuk_output/initial_results/flye.assembly.fasta.modified.fas
# Option settings: hmmsearch --domtblout /home/inf-52-2022/De_novo_assembly/06_Busco/output/flye.assembly.fasta/run_saccharomycetes_odb10/hmmer_output/initial_run_results/8568at4891.out --cpu 1 /home/inf-52-2022/De_novo_assembly/06_Busco/busco_downloads/lineages/saccharomycetes_odb10/hmms/8568at4891.hmm /home/inf-52-2022/De_novo_assembly/06_Busco/output/flye.assembly.fasta/run_saccharomycetes_odb10/metaeuk_output/initial_results/flye.assembly.fasta.modified.fas 
# Current dir:     /home/inf-52-2022/De_novo_assembly/06_Busco
# Date:            Fri Feb 24 09:20:57 2023
# [ok]
