#                                                                               --- full sequence --- -------------- this domain -------------   hmm coord   ali coord   env coord
# target name           accession   tlen query name           accession   qlen   E-value  score  bias   #  of  c-Evalue  i-Evalue  score  bias  from    to  from    to  from    to  acc description of target
#   ------------------- ---------- ----- -------------------- ---------- ----- --------- ------ ----- --- --- --------- --------- ------ ----- ----- ----- ----- ----- ----- ----- ---- ---------------------
contig_39:556809-558533 -            575 9012at4891           -            421  7.1e-182  602.1   7.6   1   3   2.8e-05     0.015   11.3   0.2     3    54    40    95    38   103 0.75 -
contig_39:556809-558533 -            575 9012at4891           -            421  7.1e-182  602.1   7.6   2   3   1.2e-68   6.2e-66  220.1   0.0    17   217    75   330    73   347 0.81 -
contig_39:556809-558533 -            575 9012at4891           -            421  7.1e-182  602.1   7.6   3   3  1.8e-115  9.6e-113  374.3   2.9   222   420   365   572   339   573 0.92 -
contig_38:508506-509009 -            168 9012at4891           -            421   4.8e-05   19.5   0.0   1   1     1e-07   5.5e-05   19.3   0.0   239   332    29   125     3   136 0.69 -
contig_5:263888-264817  -            310 9012at4891           -            421    0.0039   13.2   0.0   1   1     1e-05    0.0056   12.7   0.0   259   325    78   145    56   184 0.82 -
contig_21:508577-509479 -            301 9012at4891           -            421     0.011   11.8   0.1   1   1   2.9e-05     0.015   11.3   0.1   259   326    96   166    92   176 0.82 -
contig_23:952788-953624 -            279 9012at4891           -            421     0.016   11.3   0.0   1   1   3.8e-05      0.02   10.9   0.0   259   318    74   138    25   151 0.75 -
#
# Program:         hmmsearch
# Version:         3.1b2 (February 2015)
# Pipeline mode:   SEARCH
# Query file:      /home/inf-52-2022/De_novo_assembly/06_Busco/busco_downloads/lineages/saccharomycetes_odb10/hmms/9012at4891.hmm
# Target file:     /home/inf-52-2022/De_novo_assembly/06_Busco/output/flye.assembly.fasta/run_saccharomycetes_odb10/metaeuk_output/initial_results/flye.assembly.fasta.modified.fas
# Option settings: hmmsearch --domtblout /home/inf-52-2022/De_novo_assembly/06_Busco/output/flye.assembly.fasta/run_saccharomycetes_odb10/hmmer_output/initial_run_results/9012at4891.out --cpu 1 /home/inf-52-2022/De_novo_assembly/06_Busco/busco_downloads/lineages/saccharomycetes_odb10/hmms/9012at4891.hmm /home/inf-52-2022/De_novo_assembly/06_Busco/output/flye.assembly.fasta/run_saccharomycetes_odb10/metaeuk_output/initial_results/flye.assembly.fasta.modified.fas 
# Current dir:     /home/inf-52-2022/De_novo_assembly/06_Busco
# Date:            Fri Feb 24 09:20:57 2023
# [ok]
