[M::mm_idx_gen::0.269*1.03] collected minimizers
[M::mm_idx_gen::0.333*1.39] sorted minimizers
[M::main::0.333*1.39] loaded/built the index for 17 target sequence(s)
[M::mm_mapopt_update::0.367*1.35] mid_occ = 200
[M::mm_idx_stat] kmer size: 19; skip: 19; is_hpc: 0; #seq: 17
[M::mm_idx_stat::0.393*1.33] distinct minimizers: 1149976 (98.19% are singletons); average occurrences: 1.058; average spacing: 9.989
[M::worker_pipeline::3.130*2.57] mapped 96 sequences
[M::main] Version: 2.11-r797
[M::main] CMD: /home/inf-52-2022/miniconda3/envs/quast/lib/python3.6/site-packages/quast_libs/minimap2/minimap2 -c -x asm5 -B5 -O4,16 --no-long-join -r 85 -N 50 -s 65 -z 200 --mask-level 0.9 --min-occ 200 -g 2500 --score-N 2 --cs -t 3 /home/inf-52-2022/De_novo_assembly/05_Quast/quast_corrected_input/sac_cer_reference.fna /home/inf-52-2022/De_novo_assembly/05_Quast/quast_corrected_input/canu_contigs.fasta
[M::main] Real time: 3.144 sec; CPU: 8.066 sec
[M::mm_idx_gen::0.268*1.03] collected minimizers
[M::mm_idx_gen::0.338*1.42] sorted minimizers
[M::main::0.338*1.42] loaded/built the index for 17 target sequence(s)
[M::mm_mapopt_update::0.372*1.38] mid_occ = 200
[M::mm_idx_stat] kmer size: 19; skip: 19; is_hpc: 0; #seq: 17
[M::mm_idx_stat::0.398*1.36] distinct minimizers: 1149976 (98.19% are singletons); average occurrences: 1.058; average spacing: 9.989
[M::worker_pipeline::2.435*2.46] mapped 71 sequences
[M::main] Version: 2.11-r797
[M::main] CMD: /home/inf-52-2022/miniconda3/envs/quast/lib/python3.6/site-packages/quast_libs/minimap2/minimap2 -c -x asm5 -B5 -O4,16 --no-long-join -r 85 -N 50 -s 65 -z 200 --mask-level 0.9 --min-occ 200 -g 2500 --score-N 2 --cs -t 3 /home/inf-52-2022/De_novo_assembly/05_Quast/quast_corrected_input/sac_cer_reference.fna /home/inf-52-2022/De_novo_assembly/05_Quast/quast_corrected_input/canu_contigs.fasta
[M::main] Real time: 2.449 sec; CPU: 6.003 sec
[M::mm_idx_gen::0.255*1.02] collected minimizers
[M::mm_idx_gen::0.312*1.37] sorted minimizers
[M::main::0.312*1.37] loaded/built the index for 17 target sequence(s)
[M::mm_mapopt_update::0.347*1.33] mid_occ = 200
[M::mm_idx_stat] kmer size: 19; skip: 19; is_hpc: 0; #seq: 17
[M::mm_idx_stat::0.372*1.31] distinct minimizers: 1149976 (98.19% are singletons); average occurrences: 1.058; average spacing: 9.989
[M::worker_pipeline::3.113*2.61] mapped 96 sequences
[M::main] Version: 2.11-r797
[M::main] CMD: /home/inf-52-2022/miniconda3/envs/quast/lib/python3.6/site-packages/quast_libs/minimap2/minimap2 -c -x asm5 -B5 -O4,16 --no-long-join -r 85 -N 50 -s 65 -z 200 --mask-level 0.9 --min-occ 200 -g 2500 --score-N 2 --cs -t 3 /home/inf-52-2022/De_novo_assembly/05_Quast/quast_corrected_input/sac_cer_reference.fna /home/inf-52-2022/De_novo_assembly/05_Quast/quast_corrected_input/canu_contigs.fasta
[M::main] Real time: 3.132 sec; CPU: 8.134 sec
