[M::mm_idx_gen::0.254*1.02] collected minimizers
[M::mm_idx_gen::0.321*1.40] sorted minimizers
[M::main::0.321*1.40] loaded/built the index for 17 target sequence(s)
[M::mm_mapopt_update::0.342*1.38] mid_occ = 200
[M::mm_idx_stat] kmer size: 19; skip: 19; is_hpc: 0; #seq: 17
[M::mm_idx_stat::0.361*1.36] distinct minimizers: 1149976 (98.19% are singletons); average occurrences: 1.058; average spacing: 9.989
[M::worker_pipeline::1.882*2.15] mapped 25 sequences
[M::main] Version: 2.11-r797
[M::main] CMD: /home/inf-52-2022/miniconda3/envs/quast/lib/python3.6/site-packages/quast_libs/minimap2/minimap2 -c -x asm5 -B5 -O4,16 --no-long-join -r 85 -N 50 -s 65 -z 200 --mask-level 0.9 --min-occ 200 -g 2500 --score-N 2 --cs -t 3 /home/inf-52-2022/De_novo_assembly/05_Quast/quast_corrected_input/sac_cer_reference.fna /home/inf-52-2022/De_novo_assembly/05_Quast/quast_corrected_input/assembly.fasta
[M::main] Real time: 1.898 sec; CPU: 4.059 sec
[M::mm_idx_gen::0.259*1.02] collected minimizers
[M::mm_idx_gen::0.311*1.34] sorted minimizers
[M::main::0.311*1.34] loaded/built the index for 17 target sequence(s)
[M::mm_mapopt_update::0.330*1.32] mid_occ = 200
[M::mm_idx_stat] kmer size: 19; skip: 19; is_hpc: 0; #seq: 17
[M::mm_idx_stat::0.346*1.30] distinct minimizers: 1149976 (98.19% are singletons); average occurrences: 1.058; average spacing: 9.989
[M::worker_pipeline::1.624*2.33] mapped 26 sequences
[M::main] Version: 2.11-r797
[M::main] CMD: /home/inf-52-2022/miniconda3/envs/quast/lib/python3.6/site-packages/quast_libs/minimap2/minimap2 -c -x asm5 -B5 -O4,16 --no-long-join -r 85 -N 50 -s 65 -z 200 --mask-level 0.9 --min-occ 200 -g 2500 --score-N 2 --cs -t 3 /home/inf-52-2022/De_novo_assembly/05_Quast/quast_corrected_input/sac_cer_reference.fna /home/inf-52-2022/De_novo_assembly/05_Quast/quast_corrected_input/assembly.fasta
[M::main] Real time: 1.644 sec; CPU: 3.808 sec
[M::mm_idx_gen::0.257*1.03] collected minimizers
[M::mm_idx_gen::0.308*1.34] sorted minimizers
[M::main::0.308*1.34] loaded/built the index for 17 target sequence(s)
[M::mm_mapopt_update::0.326*1.32] mid_occ = 200
[M::mm_idx_stat] kmer size: 19; skip: 19; is_hpc: 0; #seq: 17
[M::mm_idx_stat::0.340*1.31] distinct minimizers: 1149976 (98.19% are singletons); average occurrences: 1.058; average spacing: 9.989
[M::worker_pipeline::1.683*2.24] mapped 25 sequences
[M::main] Version: 2.11-r797
[M::main] CMD: /home/inf-52-2022/miniconda3/envs/quast/lib/python3.6/site-packages/quast_libs/minimap2/minimap2 -c -x asm5 -B5 -O4,16 --no-long-join -r 85 -N 50 -s 65 -z 200 --mask-level 0.9 --min-occ 200 -g 2500 --score-N 2 --cs -t 3 /home/inf-52-2022/De_novo_assembly/05_Quast/quast_corrected_input/sac_cer_reference.fna /home/inf-52-2022/De_novo_assembly/05_Quast/quast_corrected_input/assembly.fasta
[M::main] Real time: 1.705 sec; CPU: 3.789 sec
[M::mm_idx_gen::0.257*1.03] collected minimizers
[M::mm_idx_gen::0.328*1.45] sorted minimizers
[M::main::0.328*1.45] loaded/built the index for 17 target sequence(s)
[M::mm_mapopt_update::0.363*1.40] mid_occ = 200
[M::mm_idx_stat] kmer size: 19; skip: 19; is_hpc: 0; #seq: 17
[M::mm_idx_stat::0.389*1.38] distinct minimizers: 1149976 (98.19% are singletons); average occurrences: 1.058; average spacing: 9.989
[M::worker_pipeline::1.694*2.30] mapped 25 sequences
[M::main] Version: 2.11-r797
[M::main] CMD: /home/inf-52-2022/miniconda3/envs/quast/lib/python3.6/site-packages/quast_libs/minimap2/minimap2 -c -x asm5 -B5 -O4,16 --no-long-join -r 85 -N 50 -s 65 -z 200 --mask-level 0.9 --min-occ 200 -g 2500 --score-N 2 --cs -t 3 /home/inf-52-2022/De_novo_assembly/05_Quast/quast_corrected_input/sac_cer_reference.fna /home/inf-52-2022/De_novo_assembly/05_Quast/quast_corrected_input/assembly.fasta
[M::main] Real time: 1.721 sec; CPU: 3.926 sec
