A	C	G	T	N	IUPAC	Other	GC	GC_stdev
0.3088	0.1917	0.1911	0.3083	0.0000	0.0000	0.0000	0.3829	0.0779

Main genome scaffold total:         	25
Main genome contig total:           	27
Main genome scaffold sequence total:	12090146
Main genome contig sequence total:  	12089946  	0.002% gap
Main genome scaffold N/L50:         	6/902771
Main genome contig N/L50:           	7/733384
Main genome scaffold N/L90:         	13/436145
Main genome contig N/L90:           	15/431090
Max scaffold length:                	1497679
Max contig length:                  	1497679
Number of scaffolds > 50 KB:        	16
% main genome in scaffolds > 50 KB: 	98.95%


Minimum 	Number        	Number        	Total         	Total         	Scaffold
Scaffold	of            	of            	Scaffold      	Contig        	Contig  
Length  	Scaffolds     	Contigs       	Length        	Length        	Coverage
--------	--------------	--------------	--------------	--------------	--------
    All 	            25	            27	      12090146	      12089946	 100.00%
   2500 	            25	            27	      12090146	      12089946	 100.00%
   5000 	            24	            26	      12085358	      12085158	 100.00%
  10000 	            23	            25	      12079771	      12079571	 100.00%
  25000 	            16	            18	      11962685	      11962485	 100.00%
  50000 	            16	            18	      11962685	      11962485	 100.00%
 100000 	            16	            18	      11962685	      11962485	 100.00%
 250000 	            15	            17	      11757383	      11757183	 100.00%
 500000 	            12	            14	      10713725	      10713525	 100.00%
1000000 	             4	             6	       4737411	       4737211	 100.00%

